CRITICAL - 2022-10-27 09:32:47 --> syntax error, unexpected token "<"
in APPPATH\Views\template\header.php on line 26.
 1 SYSTEMPATH\View\View.php(216): CodeIgniter\View\View->CodeIgniter\View\{closure}()
 2 SYSTEMPATH\Common.php(1142): CodeIgniter\View\View->render('template/header', [], true)
 3 APPPATH\Controllers\Pacientes.php(13): view('template/header')
 4 SYSTEMPATH\CodeIgniter.php(902): App\Controllers\Pacientes->index()
 5 SYSTEMPATH\CodeIgniter.php(457): CodeIgniter\CodeIgniter->runController(Object(App\Controllers\Pacientes))
 6 SYSTEMPATH\CodeIgniter.php(340): CodeIgniter\CodeIgniter->handleRequest(null, Object(Config\Cache), false)
 7 FCPATH\index.php(67): CodeIgniter\CodeIgniter->run()
CRITICAL - 2022-10-27 10:53:46 --> Call to undefined function session2()
in APPPATH\Views\crear.php on line 15.
 1 SYSTEMPATH\View\View.php(213): include()
 2 SYSTEMPATH\View\View.php(216): CodeIgniter\View\View->CodeIgniter\View\{closure}()
 3 SYSTEMPATH\Common.php(1142): CodeIgniter\View\View->render('crear', [], true)
 4 APPPATH\Controllers\Pacientes.php(23): view('crear', [...])
 5 SYSTEMPATH\CodeIgniter.php(902): App\Controllers\Pacientes->crear()
 6 SYSTEMPATH\CodeIgniter.php(457): CodeIgniter\CodeIgniter->runController(Object(App\Controllers\Pacientes))
 7 SYSTEMPATH\CodeIgniter.php(340): CodeIgniter\CodeIgniter->handleRequest(null, Object(Config\Cache), false)
 8 FCPATH\index.php(67): CodeIgniter\CodeIgniter->run()
CRITICAL - 2022-10-27 10:54:08 --> Call to undefined function session2()
in APPPATH\Views\crear.php on line 18.
 1 SYSTEMPATH\View\View.php(213): include()
 2 SYSTEMPATH\View\View.php(216): CodeIgniter\View\View->CodeIgniter\View\{closure}()
 3 SYSTEMPATH\Common.php(1142): CodeIgniter\View\View->render('crear', [], true)
 4 APPPATH\Controllers\Pacientes.php(23): view('crear', [...])
 5 SYSTEMPATH\CodeIgniter.php(902): App\Controllers\Pacientes->crear()
 6 SYSTEMPATH\CodeIgniter.php(457): CodeIgniter\CodeIgniter->runController(Object(App\Controllers\Pacientes))
 7 SYSTEMPATH\CodeIgniter.php(340): CodeIgniter\CodeIgniter->handleRequest(null, Object(Config\Cache), false)
 8 FCPATH\index.php(67): CodeIgniter\CodeIgniter->run()
CRITICAL - 2022-10-27 11:53:55 --> Undefined variable $print_r
in APPPATH\Controllers\Pacientes.php on line 89.
 1 APPPATH\Controllers\Pacientes.php(89): CodeIgniter\Debug\Exceptions->errorHandler(2, 'Undefined variable $print_r', 'APPPATH\\Controllers\\Pacientes.php', 89)
 2 SYSTEMPATH\CodeIgniter.php(902): App\Controllers\Pacientes->detalle()
 3 SYSTEMPATH\CodeIgniter.php(457): CodeIgniter\CodeIgniter->runController(Object(App\Controllers\Pacientes))
 4 SYSTEMPATH\CodeIgniter.php(340): CodeIgniter\CodeIgniter->handleRequest(null, Object(Config\Cache), false)
 5 FCPATH\index.php(67): CodeIgniter\CodeIgniter->run()
CRITICAL - 2022-10-27 11:56:18 --> Undefined variable $datos
in APPPATH\Controllers\Pacientes.php on line 89.
 1 APPPATH\Controllers\Pacientes.php(89): CodeIgniter\Debug\Exceptions->errorHandler(2, 'Undefined variable $datos', 'APPPATH\\Controllers\\Pacientes.php', 89)
 2 SYSTEMPATH\CodeIgniter.php(902): App\Controllers\Pacientes->detalle()
 3 SYSTEMPATH\CodeIgniter.php(457): CodeIgniter\CodeIgniter->runController(Object(App\Controllers\Pacientes))
 4 SYSTEMPATH\CodeIgniter.php(340): CodeIgniter\CodeIgniter->handleRequest(null, Object(Config\Cache), false)
 5 FCPATH\index.php(67): CodeIgniter\CodeIgniter->run()
CRITICAL - 2022-10-27 11:56:18 --> Undefined variable $datos
in APPPATH\Controllers\Pacientes.php on line 89.
 1 APPPATH\Controllers\Pacientes.php(89): CodeIgniter\Debug\Exceptions->errorHandler(2, 'Undefined variable $datos', 'APPPATH\\Controllers\\Pacientes.php', 89)
 2 SYSTEMPATH\CodeIgniter.php(902): App\Controllers\Pacientes->detalle()
 3 SYSTEMPATH\CodeIgniter.php(457): CodeIgniter\CodeIgniter->runController(Object(App\Controllers\Pacientes))
 4 SYSTEMPATH\CodeIgniter.php(340): CodeIgniter\CodeIgniter->handleRequest(null, Object(Config\Cache), false)
 5 FCPATH\index.php(67): CodeIgniter\CodeIgniter->run()
CRITICAL - 2022-10-27 11:56:19 --> Undefined variable $datos
in APPPATH\Controllers\Pacientes.php on line 89.
 1 APPPATH\Controllers\Pacientes.php(89): CodeIgniter\Debug\Exceptions->errorHandler(2, 'Undefined variable $datos', 'APPPATH\\Controllers\\Pacientes.php', 89)
 2 SYSTEMPATH\CodeIgniter.php(902): App\Controllers\Pacientes->detalle()
 3 SYSTEMPATH\CodeIgniter.php(457): CodeIgniter\CodeIgniter->runController(Object(App\Controllers\Pacientes))
 4 SYSTEMPATH\CodeIgniter.php(340): CodeIgniter\CodeIgniter->handleRequest(null, Object(Config\Cache), false)
 5 FCPATH\index.php(67): CodeIgniter\CodeIgniter->run()
CRITICAL - 2022-10-27 11:56:46 --> Undefined variable $paciente
in APPPATH\Controllers\Pacientes.php on line 90.
 1 APPPATH\Controllers\Pacientes.php(90): CodeIgniter\Debug\Exceptions->errorHandler(2, 'Undefined variable $paciente', 'APPPATH\\Controllers\\Pacientes.php', 90)
 2 SYSTEMPATH\CodeIgniter.php(902): App\Controllers\Pacientes->detalle()
 3 SYSTEMPATH\CodeIgniter.php(457): CodeIgniter\CodeIgniter->runController(Object(App\Controllers\Pacientes))
 4 SYSTEMPATH\CodeIgniter.php(340): CodeIgniter\CodeIgniter->handleRequest(null, Object(Config\Cache), false)
 5 FCPATH\index.php(67): CodeIgniter\CodeIgniter->run()
CRITICAL - 2022-10-27 11:56:46 --> Undefined variable $paciente
in APPPATH\Controllers\Pacientes.php on line 90.
 1 APPPATH\Controllers\Pacientes.php(90): CodeIgniter\Debug\Exceptions->errorHandler(2, 'Undefined variable $paciente', 'APPPATH\\Controllers\\Pacientes.php', 90)
 2 SYSTEMPATH\CodeIgniter.php(902): App\Controllers\Pacientes->detalle()
 3 SYSTEMPATH\CodeIgniter.php(457): CodeIgniter\CodeIgniter->runController(Object(App\Controllers\Pacientes))
 4 SYSTEMPATH\CodeIgniter.php(340): CodeIgniter\CodeIgniter->handleRequest(null, Object(Config\Cache), false)
 5 FCPATH\index.php(67): CodeIgniter\CodeIgniter->run()
CRITICAL - 2022-10-27 11:56:51 --> Undefined variable $paciente
in APPPATH\Controllers\Pacientes.php on line 90.
 1 APPPATH\Controllers\Pacientes.php(90): CodeIgniter\Debug\Exceptions->errorHandler(2, 'Undefined variable $paciente', 'APPPATH\\Controllers\\Pacientes.php', 90)
 2 SYSTEMPATH\CodeIgniter.php(902): App\Controllers\Pacientes->detalle()
 3 SYSTEMPATH\CodeIgniter.php(457): CodeIgniter\CodeIgniter->runController(Object(App\Controllers\Pacientes))
 4 SYSTEMPATH\CodeIgniter.php(340): CodeIgniter\CodeIgniter->handleRequest(null, Object(Config\Cache), false)
 5 FCPATH\index.php(67): CodeIgniter\CodeIgniter->run()
CRITICAL - 2022-10-27 11:56:51 --> Undefined variable $paciente
in APPPATH\Controllers\Pacientes.php on line 90.
 1 APPPATH\Controllers\Pacientes.php(90): CodeIgniter\Debug\Exceptions->errorHandler(2, 'Undefined variable $paciente', 'APPPATH\\Controllers\\Pacientes.php', 90)
 2 SYSTEMPATH\CodeIgniter.php(902): App\Controllers\Pacientes->detalle()
 3 SYSTEMPATH\CodeIgniter.php(457): CodeIgniter\CodeIgniter->runController(Object(App\Controllers\Pacientes))
 4 SYSTEMPATH\CodeIgniter.php(340): CodeIgniter\CodeIgniter->handleRequest(null, Object(Config\Cache), false)
 5 FCPATH\index.php(67): CodeIgniter\CodeIgniter->run()
CRITICAL - 2022-10-27 11:56:52 --> Undefined variable $paciente
in APPPATH\Controllers\Pacientes.php on line 90.
 1 APPPATH\Controllers\Pacientes.php(90): CodeIgniter\Debug\Exceptions->errorHandler(2, 'Undefined variable $paciente', 'APPPATH\\Controllers\\Pacientes.php', 90)
 2 SYSTEMPATH\CodeIgniter.php(902): App\Controllers\Pacientes->detalle()
 3 SYSTEMPATH\CodeIgniter.php(457): CodeIgniter\CodeIgniter->runController(Object(App\Controllers\Pacientes))
 4 SYSTEMPATH\CodeIgniter.php(340): CodeIgniter\CodeIgniter->handleRequest(null, Object(Config\Cache), false)
 5 FCPATH\index.php(67): CodeIgniter\CodeIgniter->run()
CRITICAL - 2022-10-27 12:11:42 --> Undefined variable $header
in APPPATH\Views\detalle.php on line 1.
 1 APPPATH\Views\detalle.php(1): CodeIgniter\Debug\Exceptions->errorHandler(2, 'Undefined variable $header', 'APPPATH\\Views\\detalle.php', 1)
 2 SYSTEMPATH\View\View.php(213): include('APPPATH\\Views\\detalle.php')
 3 SYSTEMPATH\View\View.php(216): CodeIgniter\View\View->CodeIgniter\View\{closure}()
 4 SYSTEMPATH\Common.php(1142): CodeIgniter\View\View->render('detalle', [], true)
 5 APPPATH\Controllers\Pacientes.php(96): view('detalle')
 6 SYSTEMPATH\CodeIgniter.php(902): App\Controllers\Pacientes->detalle('25')
 7 SYSTEMPATH\CodeIgniter.php(457): CodeIgniter\CodeIgniter->runController(Object(App\Controllers\Pacientes))
 8 SYSTEMPATH\CodeIgniter.php(340): CodeIgniter\CodeIgniter->handleRequest(null, Object(Config\Cache), false)
 9 FCPATH\index.php(67): CodeIgniter\CodeIgniter->run()
CRITICAL - 2022-10-27 12:11:58 --> Undefined variable $header
in APPPATH\Views\detalle.php on line 1.
 1 APPPATH\Views\detalle.php(1): CodeIgniter\Debug\Exceptions->errorHandler(2, 'Undefined variable $header', 'APPPATH\\Views\\detalle.php', 1)
 2 SYSTEMPATH\View\View.php(213): include('APPPATH\\Views\\detalle.php')
 3 SYSTEMPATH\View\View.php(216): CodeIgniter\View\View->CodeIgniter\View\{closure}()
 4 SYSTEMPATH\Common.php(1142): CodeIgniter\View\View->render('detalle', [], true)
 5 APPPATH\Controllers\Pacientes.php(94): view('detalle')
 6 SYSTEMPATH\CodeIgniter.php(902): App\Controllers\Pacientes->detalle('25')
 7 SYSTEMPATH\CodeIgniter.php(457): CodeIgniter\CodeIgniter->runController(Object(App\Controllers\Pacientes))
 8 SYSTEMPATH\CodeIgniter.php(340): CodeIgniter\CodeIgniter->handleRequest(null, Object(Config\Cache), false)
 9 FCPATH\index.php(67): CodeIgniter\CodeIgniter->run()
CRITICAL - 2022-10-27 12:12:02 --> Undefined variable $header
in APPPATH\Views\detalle.php on line 1.
 1 APPPATH\Views\detalle.php(1): CodeIgniter\Debug\Exceptions->errorHandler(2, 'Undefined variable $header', 'APPPATH\\Views\\detalle.php', 1)
 2 SYSTEMPATH\View\View.php(213): include('APPPATH\\Views\\detalle.php')
 3 SYSTEMPATH\View\View.php(216): CodeIgniter\View\View->CodeIgniter\View\{closure}()
 4 SYSTEMPATH\Common.php(1142): CodeIgniter\View\View->render('detalle', [], true)
 5 APPPATH\Controllers\Pacientes.php(94): view('detalle')
 6 SYSTEMPATH\CodeIgniter.php(902): App\Controllers\Pacientes->detalle('23')
 7 SYSTEMPATH\CodeIgniter.php(457): CodeIgniter\CodeIgniter->runController(Object(App\Controllers\Pacientes))
 8 SYSTEMPATH\CodeIgniter.php(340): CodeIgniter\CodeIgniter->handleRequest(null, Object(Config\Cache), false)
 9 FCPATH\index.php(67): CodeIgniter\CodeIgniter->run()
CRITICAL - 2022-10-27 12:17:03 --> Undefined array key "lastname"
in APPPATH\Views\detalle.php on line 19.
 1 APPPATH\Views\detalle.php(19): CodeIgniter\Debug\Exceptions->errorHandler(2, 'Undefined array key "lastname"', 'APPPATH\\Views\\detalle.php', 19)
 2 SYSTEMPATH\View\View.php(213): include('APPPATH\\Views\\detalle.php')
 3 SYSTEMPATH\View\View.php(216): CodeIgniter\View\View->CodeIgniter\View\{closure}()
 4 SYSTEMPATH\Common.php(1142): CodeIgniter\View\View->render('detalle', [], true)
 5 APPPATH\Controllers\Pacientes.php(96): view('detalle', [...])
 6 SYSTEMPATH\CodeIgniter.php(902): App\Controllers\Pacientes->detalle('25')
 7 SYSTEMPATH\CodeIgniter.php(457): CodeIgniter\CodeIgniter->runController(Object(App\Controllers\Pacientes))
 8 SYSTEMPATH\CodeIgniter.php(340): CodeIgniter\CodeIgniter->handleRequest(null, Object(Config\Cache), false)
 9 FCPATH\index.php(67): CodeIgniter\CodeIgniter->run()
CRITICAL - 2022-10-27 12:19:27 --> Undefined variable $paciente
in APPPATH\Views\crear.php on line 26.
 1 APPPATH\Views\crear.php(26): CodeIgniter\Debug\Exceptions->errorHandler(2, 'Undefined variable $paciente', 'APPPATH\\Views\\crear.php', 26)
 2 SYSTEMPATH\View\View.php(213): include('APPPATH\\Views\\crear.php')
 3 SYSTEMPATH\View\View.php(216): CodeIgniter\View\View->CodeIgniter\View\{closure}()
 4 SYSTEMPATH\Common.php(1142): CodeIgniter\View\View->render('crear', [], true)
 5 APPPATH\Controllers\Pacientes.php(23): view('crear', [...])
 6 SYSTEMPATH\CodeIgniter.php(902): App\Controllers\Pacientes->crear()
 7 SYSTEMPATH\CodeIgniter.php(457): CodeIgniter\CodeIgniter->runController(Object(App\Controllers\Pacientes))
 8 SYSTEMPATH\CodeIgniter.php(340): CodeIgniter\CodeIgniter->handleRequest(null, Object(Config\Cache), false)
 9 FCPATH\index.php(67): CodeIgniter\CodeIgniter->run()
CRITICAL - 2022-10-27 12:19:33 --> Undefined variable $paciente
in APPPATH\Views\crear.php on line 26.
 1 APPPATH\Views\crear.php(26): CodeIgniter\Debug\Exceptions->errorHandler(2, 'Undefined variable $paciente', 'APPPATH\\Views\\crear.php', 26)
 2 SYSTEMPATH\View\View.php(213): include('APPPATH\\Views\\crear.php')
 3 SYSTEMPATH\View\View.php(216): CodeIgniter\View\View->CodeIgniter\View\{closure}()
 4 SYSTEMPATH\Common.php(1142): CodeIgniter\View\View->render('crear', [], true)
 5 APPPATH\Controllers\Pacientes.php(23): view('crear', [...])
 6 SYSTEMPATH\CodeIgniter.php(902): App\Controllers\Pacientes->crear()
 7 SYSTEMPATH\CodeIgniter.php(457): CodeIgniter\CodeIgniter->runController(Object(App\Controllers\Pacientes))
 8 SYSTEMPATH\CodeIgniter.php(340): CodeIgniter\CodeIgniter->handleRequest(null, Object(Config\Cache), false)
 9 FCPATH\index.php(67): CodeIgniter\CodeIgniter->run()
CRITICAL - 2022-10-27 12:20:39 --> Undefined variable $paciente
in APPPATH\Views\crear.php on line 26.
 1 APPPATH\Views\crear.php(26): CodeIgniter\Debug\Exceptions->errorHandler(2, 'Undefined variable $paciente', 'APPPATH\\Views\\crear.php', 26)
 2 SYSTEMPATH\View\View.php(213): include('APPPATH\\Views\\crear.php')
 3 SYSTEMPATH\View\View.php(216): CodeIgniter\View\View->CodeIgniter\View\{closure}()
 4 SYSTEMPATH\Common.php(1142): CodeIgniter\View\View->render('crear', [], true)
 5 APPPATH\Controllers\Pacientes.php(23): view('crear', [...])
 6 SYSTEMPATH\CodeIgniter.php(902): App\Controllers\Pacientes->crear()
 7 SYSTEMPATH\CodeIgniter.php(457): CodeIgniter\CodeIgniter->runController(Object(App\Controllers\Pacientes))
 8 SYSTEMPATH\CodeIgniter.php(340): CodeIgniter\CodeIgniter->handleRequest(null, Object(Config\Cache), false)
 9 FCPATH\index.php(67): CodeIgniter\CodeIgniter->run()
CRITICAL - 2022-10-27 12:20:46 --> Undefined variable $paciente
in APPPATH\Views\crear.php on line 26.
 1 APPPATH\Views\crear.php(26): CodeIgniter\Debug\Exceptions->errorHandler(2, 'Undefined variable $paciente', 'APPPATH\\Views\\crear.php', 26)
 2 SYSTEMPATH\View\View.php(213): include('APPPATH\\Views\\crear.php')
 3 SYSTEMPATH\View\View.php(216): CodeIgniter\View\View->CodeIgniter\View\{closure}()
 4 SYSTEMPATH\Common.php(1142): CodeIgniter\View\View->render('crear', [], true)
 5 APPPATH\Controllers\Pacientes.php(23): view('crear', [...])
 6 SYSTEMPATH\CodeIgniter.php(902): App\Controllers\Pacientes->crear()
 7 SYSTEMPATH\CodeIgniter.php(457): CodeIgniter\CodeIgniter->runController(Object(App\Controllers\Pacientes))
 8 SYSTEMPATH\CodeIgniter.php(340): CodeIgniter\CodeIgniter->handleRequest(null, Object(Config\Cache), false)
 9 FCPATH\index.php(67): CodeIgniter\CodeIgniter->run()
CRITICAL - 2022-10-27 12:20:53 --> Undefined variable $paciente
in APPPATH\Views\crear.php on line 26.
 1 APPPATH\Views\crear.php(26): CodeIgniter\Debug\Exceptions->errorHandler(2, 'Undefined variable $paciente', 'APPPATH\\Views\\crear.php', 26)
 2 SYSTEMPATH\View\View.php(213): include('APPPATH\\Views\\crear.php')
 3 SYSTEMPATH\View\View.php(216): CodeIgniter\View\View->CodeIgniter\View\{closure}()
 4 SYSTEMPATH\Common.php(1142): CodeIgniter\View\View->render('crear', [], true)
 5 APPPATH\Controllers\Pacientes.php(23): view('crear', [...])
 6 SYSTEMPATH\CodeIgniter.php(902): App\Controllers\Pacientes->crear()
 7 SYSTEMPATH\CodeIgniter.php(457): CodeIgniter\CodeIgniter->runController(Object(App\Controllers\Pacientes))
 8 SYSTEMPATH\CodeIgniter.php(340): CodeIgniter\CodeIgniter->handleRequest(null, Object(Config\Cache), false)
 9 FCPATH\index.php(67): CodeIgniter\CodeIgniter->run()
CRITICAL - 2022-10-27 12:22:17 --> Undefined variable $paciente
in APPPATH\Views\crear.php on line 26.
 1 APPPATH\Views\crear.php(26): CodeIgniter\Debug\Exceptions->errorHandler(2, 'Undefined variable $paciente', 'APPPATH\\Views\\crear.php', 26)
 2 SYSTEMPATH\View\View.php(213): include('APPPATH\\Views\\crear.php')
 3 SYSTEMPATH\View\View.php(216): CodeIgniter\View\View->CodeIgniter\View\{closure}()
 4 SYSTEMPATH\Common.php(1142): CodeIgniter\View\View->render('crear', [], true)
 5 APPPATH\Controllers\Pacientes.php(23): view('crear', [...])
 6 SYSTEMPATH\CodeIgniter.php(902): App\Controllers\Pacientes->crear()
 7 SYSTEMPATH\CodeIgniter.php(457): CodeIgniter\CodeIgniter->runController(Object(App\Controllers\Pacientes))
 8 SYSTEMPATH\CodeIgniter.php(340): CodeIgniter\CodeIgniter->handleRequest(null, Object(Config\Cache), false)
 9 FCPATH\index.php(67): CodeIgniter\CodeIgniter->run()
CRITICAL - 2022-10-27 12:22:18 --> Undefined variable $paciente
in APPPATH\Views\crear.php on line 26.
 1 APPPATH\Views\crear.php(26): CodeIgniter\Debug\Exceptions->errorHandler(2, 'Undefined variable $paciente', 'APPPATH\\Views\\crear.php', 26)
 2 SYSTEMPATH\View\View.php(213): include('APPPATH\\Views\\crear.php')
 3 SYSTEMPATH\View\View.php(216): CodeIgniter\View\View->CodeIgniter\View\{closure}()
 4 SYSTEMPATH\Common.php(1142): CodeIgniter\View\View->render('crear', [], true)
 5 APPPATH\Controllers\Pacientes.php(23): view('crear', [...])
 6 SYSTEMPATH\CodeIgniter.php(902): App\Controllers\Pacientes->crear()
 7 SYSTEMPATH\CodeIgniter.php(457): CodeIgniter\CodeIgniter->runController(Object(App\Controllers\Pacientes))
 8 SYSTEMPATH\CodeIgniter.php(340): CodeIgniter\CodeIgniter->handleRequest(null, Object(Config\Cache), false)
 9 FCPATH\index.php(67): CodeIgniter\CodeIgniter->run()
CRITICAL - 2022-10-27 12:22:20 --> Undefined variable $paciente
in APPPATH\Views\crear.php on line 26.
 1 APPPATH\Views\crear.php(26): CodeIgniter\Debug\Exceptions->errorHandler(2, 'Undefined variable $paciente', 'APPPATH\\Views\\crear.php', 26)
 2 SYSTEMPATH\View\View.php(213): include('APPPATH\\Views\\crear.php')
 3 SYSTEMPATH\View\View.php(216): CodeIgniter\View\View->CodeIgniter\View\{closure}()
 4 SYSTEMPATH\Common.php(1142): CodeIgniter\View\View->render('crear', [], true)
 5 APPPATH\Controllers\Pacientes.php(23): view('crear', [...])
 6 SYSTEMPATH\CodeIgniter.php(902): App\Controllers\Pacientes->crear()
 7 SYSTEMPATH\CodeIgniter.php(457): CodeIgniter\CodeIgniter->runController(Object(App\Controllers\Pacientes))
 8 SYSTEMPATH\CodeIgniter.php(340): CodeIgniter\CodeIgniter->handleRequest(null, Object(Config\Cache), false)
 9 FCPATH\index.php(67): CodeIgniter\CodeIgniter->run()
CRITICAL - 2022-10-27 12:23:06 --> Undefined variable $paciente
in APPPATH\Views\crear.php on line 26.
 1 APPPATH\Views\crear.php(26): CodeIgniter\Debug\Exceptions->errorHandler(2, 'Undefined variable $paciente', 'APPPATH\\Views\\crear.php', 26)
 2 SYSTEMPATH\View\View.php(213): include('APPPATH\\Views\\crear.php')
 3 SYSTEMPATH\View\View.php(216): CodeIgniter\View\View->CodeIgniter\View\{closure}()
 4 SYSTEMPATH\Common.php(1142): CodeIgniter\View\View->render('crear', [], true)
 5 APPPATH\Controllers\Pacientes.php(23): view('crear', [...])
 6 SYSTEMPATH\CodeIgniter.php(902): App\Controllers\Pacientes->crear()
 7 SYSTEMPATH\CodeIgniter.php(457): CodeIgniter\CodeIgniter->runController(Object(App\Controllers\Pacientes))
 8 SYSTEMPATH\CodeIgniter.php(340): CodeIgniter\CodeIgniter->handleRequest(null, Object(Config\Cache), false)
 9 FCPATH\index.php(67): CodeIgniter\CodeIgniter->run()
CRITICAL - 2022-10-27 12:23:16 --> Undefined variable $paciente
in APPPATH\Views\crear.php on line 26.
 1 APPPATH\Views\crear.php(26): CodeIgniter\Debug\Exceptions->errorHandler(2, 'Undefined variable $paciente', 'APPPATH\\Views\\crear.php', 26)
 2 SYSTEMPATH\View\View.php(213): include('APPPATH\\Views\\crear.php')
 3 SYSTEMPATH\View\View.php(216): CodeIgniter\View\View->CodeIgniter\View\{closure}()
 4 SYSTEMPATH\Common.php(1142): CodeIgniter\View\View->render('crear', [], true)
 5 APPPATH\Controllers\Pacientes.php(23): view('crear', [...])
 6 SYSTEMPATH\CodeIgniter.php(902): App\Controllers\Pacientes->crear()
 7 SYSTEMPATH\CodeIgniter.php(457): CodeIgniter\CodeIgniter->runController(Object(App\Controllers\Pacientes))
 8 SYSTEMPATH\CodeIgniter.php(340): CodeIgniter\CodeIgniter->handleRequest(null, Object(Config\Cache), false)
 9 FCPATH\index.php(67): CodeIgniter\CodeIgniter->run()
CRITICAL - 2022-10-27 13:48:14 --> date(): Argument #2 ($timestamp) must be of type ?int, string given
in APPPATH\Views\detalle.php on line 51.
 1 APPPATH\Views\detalle.php(51): date('Y-m-d', '1992-05-22')
 2 SYSTEMPATH\View\View.php(213): include('APPPATH\\Views\\detalle.php')
 3 SYSTEMPATH\View\View.php(216): CodeIgniter\View\View->CodeIgniter\View\{closure}()
 4 SYSTEMPATH\Common.php(1142): CodeIgniter\View\View->render('detalle', [], true)
 5 APPPATH\Controllers\Pacientes.php(98): view('detalle', [...])
 6 SYSTEMPATH\CodeIgniter.php(902): App\Controllers\Pacientes->detalle('28')
 7 SYSTEMPATH\CodeIgniter.php(457): CodeIgniter\CodeIgniter->runController(Object(App\Controllers\Pacientes))
 8 SYSTEMPATH\CodeIgniter.php(340): CodeIgniter\CodeIgniter->handleRequest(null, Object(Config\Cache), false)
 9 FCPATH\index.php(67): CodeIgniter\CodeIgniter->run()
CRITICAL - 2022-10-27 13:55:00 --> Undefined variable $originalDate
in APPPATH\Views\listar.php on line 20.
 1 APPPATH\Views\listar.php(20): CodeIgniter\Debug\Exceptions->errorHandler(2, 'Undefined variable $originalDate', 'APPPATH\\Views\\listar.php', 20)
 2 SYSTEMPATH\View\View.php(213): include('APPPATH\\Views\\listar.php')
 3 SYSTEMPATH\View\View.php(216): CodeIgniter\View\View->CodeIgniter\View\{closure}()
 4 SYSTEMPATH\Common.php(1142): CodeIgniter\View\View->render('listar', [], true)
 5 APPPATH\Controllers\Pacientes.php(16): view('listar', [...])
 6 SYSTEMPATH\CodeIgniter.php(902): App\Controllers\Pacientes->index()
 7 SYSTEMPATH\CodeIgniter.php(457): CodeIgniter\CodeIgniter->runController(Object(App\Controllers\Pacientes))
 8 SYSTEMPATH\CodeIgniter.php(340): CodeIgniter\CodeIgniter->handleRequest(null, Object(Config\Cache), false)
 9 FCPATH\index.php(67): CodeIgniter\CodeIgniter->run()
CRITICAL - 2022-10-27 14:08:00 --> syntax error, unexpected token "function"
in APPPATH\Views\detalle.php on line 59.
 1 SYSTEMPATH\View\View.php(216): CodeIgniter\View\View->CodeIgniter\View\{closure}()
 2 SYSTEMPATH\Common.php(1142): CodeIgniter\View\View->render('detalle', [], true)
 3 APPPATH\Controllers\Pacientes.php(98): view('detalle', [...])
 4 SYSTEMPATH\CodeIgniter.php(902): App\Controllers\Pacientes->detalle('27')
 5 SYSTEMPATH\CodeIgniter.php(457): CodeIgniter\CodeIgniter->runController(Object(App\Controllers\Pacientes))
 6 SYSTEMPATH\CodeIgniter.php(340): CodeIgniter\CodeIgniter->handleRequest(null, Object(Config\Cache), false)
 7 FCPATH\index.php(67): CodeIgniter\CodeIgniter->run()
CRITICAL - 2022-10-27 14:16:03 --> Undefined variable $edad
in APPPATH\Views\detalle.php on line 69.
 1 APPPATH\Views\detalle.php(69): CodeIgniter\Debug\Exceptions->errorHandler(2, 'Undefined variable $edad', 'APPPATH\\Views\\detalle.php', 69)
 2 SYSTEMPATH\View\View.php(213): include('APPPATH\\Views\\detalle.php')
 3 SYSTEMPATH\View\View.php(216): CodeIgniter\View\View->CodeIgniter\View\{closure}()
 4 SYSTEMPATH\Common.php(1142): CodeIgniter\View\View->render('detalle', [], true)
 5 APPPATH\Controllers\Pacientes.php(98): view('detalle', [...])
 6 SYSTEMPATH\CodeIgniter.php(902): App\Controllers\Pacientes->detalle('27')
 7 SYSTEMPATH\CodeIgniter.php(457): CodeIgniter\CodeIgniter->runController(Object(App\Controllers\Pacientes))
 8 SYSTEMPATH\CodeIgniter.php(340): CodeIgniter\CodeIgniter->handleRequest(null, Object(Config\Cache), false)
 9 FCPATH\index.php(67): CodeIgniter\CodeIgniter->run()
CRITICAL - 2022-10-27 14:34:17 --> Undefined variable $pronombre
in APPPATH\Views\detalle.php on line 83.
 1 APPPATH\Views\detalle.php(83): CodeIgniter\Debug\Exceptions->errorHandler(2, 'Undefined variable $pronombre', 'APPPATH\\Views\\detalle.php', 83)
 2 SYSTEMPATH\View\View.php(213): include('APPPATH\\Views\\detalle.php')
 3 SYSTEMPATH\View\View.php(216): CodeIgniter\View\View->CodeIgniter\View\{closure}()
 4 SYSTEMPATH\Common.php(1142): CodeIgniter\View\View->render('detalle', [], true)
 5 APPPATH\Controllers\Pacientes.php(98): view('detalle', [...])
 6 SYSTEMPATH\CodeIgniter.php(902): App\Controllers\Pacientes->detalle('30')
 7 SYSTEMPATH\CodeIgniter.php(457): CodeIgniter\CodeIgniter->runController(Object(App\Controllers\Pacientes))
 8 SYSTEMPATH\CodeIgniter.php(340): CodeIgniter\CodeIgniter->handleRequest(null, Object(Config\Cache), false)
 9 FCPATH\index.php(67): CodeIgniter\CodeIgniter->run()
CRITICAL - 2022-10-27 14:34:35 --> Undefined variable $pronombre
in APPPATH\Views\detalle.php on line 83.
 1 APPPATH\Views\detalle.php(83): CodeIgniter\Debug\Exceptions->errorHandler(2, 'Undefined variable $pronombre', 'APPPATH\\Views\\detalle.php', 83)
 2 SYSTEMPATH\View\View.php(213): include('APPPATH\\Views\\detalle.php')
 3 SYSTEMPATH\View\View.php(216): CodeIgniter\View\View->CodeIgniter\View\{closure}()
 4 SYSTEMPATH\Common.php(1142): CodeIgniter\View\View->render('detalle', [], true)
 5 APPPATH\Controllers\Pacientes.php(98): view('detalle', [...])
 6 SYSTEMPATH\CodeIgniter.php(902): App\Controllers\Pacientes->detalle('30')
 7 SYSTEMPATH\CodeIgniter.php(457): CodeIgniter\CodeIgniter->runController(Object(App\Controllers\Pacientes))
 8 SYSTEMPATH\CodeIgniter.php(340): CodeIgniter\CodeIgniter->handleRequest(null, Object(Config\Cache), false)
 9 FCPATH\index.php(67): CodeIgniter\CodeIgniter->run()
CRITICAL - 2022-10-27 14:35:02 --> Undefined variable $pronombre
in APPPATH\Views\detalle.php on line 83.
 1 APPPATH\Views\detalle.php(83): CodeIgniter\Debug\Exceptions->errorHandler(2, 'Undefined variable $pronombre', 'APPPATH\\Views\\detalle.php', 83)
 2 SYSTEMPATH\View\View.php(213): include('APPPATH\\Views\\detalle.php')
 3 SYSTEMPATH\View\View.php(216): CodeIgniter\View\View->CodeIgniter\View\{closure}()
 4 SYSTEMPATH\Common.php(1142): CodeIgniter\View\View->render('detalle', [], true)
 5 APPPATH\Controllers\Pacientes.php(98): view('detalle', [...])
 6 SYSTEMPATH\CodeIgniter.php(902): App\Controllers\Pacientes->detalle('30')
 7 SYSTEMPATH\CodeIgniter.php(457): CodeIgniter\CodeIgniter->runController(Object(App\Controllers\Pacientes))
 8 SYSTEMPATH\CodeIgniter.php(340): CodeIgniter\CodeIgniter->handleRequest(null, Object(Config\Cache), false)
 9 FCPATH\index.php(67): CodeIgniter\CodeIgniter->run()
CRITICAL - 2022-10-27 14:35:03 --> Undefined variable $pronombre
in APPPATH\Views\detalle.php on line 83.
 1 APPPATH\Views\detalle.php(83): CodeIgniter\Debug\Exceptions->errorHandler(2, 'Undefined variable $pronombre', 'APPPATH\\Views\\detalle.php', 83)
 2 SYSTEMPATH\View\View.php(213): include('APPPATH\\Views\\detalle.php')
 3 SYSTEMPATH\View\View.php(216): CodeIgniter\View\View->CodeIgniter\View\{closure}()
 4 SYSTEMPATH\Common.php(1142): CodeIgniter\View\View->render('detalle', [], true)
 5 APPPATH\Controllers\Pacientes.php(98): view('detalle', [...])
 6 SYSTEMPATH\CodeIgniter.php(902): App\Controllers\Pacientes->detalle('30')
 7 SYSTEMPATH\CodeIgniter.php(457): CodeIgniter\CodeIgniter->runController(Object(App\Controllers\Pacientes))
 8 SYSTEMPATH\CodeIgniter.php(340): CodeIgniter\CodeIgniter->handleRequest(null, Object(Config\Cache), false)
 9 FCPATH\index.php(67): CodeIgniter\CodeIgniter->run()
CRITICAL - 2022-10-27 14:57:37 --> Undefined variable $paciente
in APPPATH\Views\crear.php on line 30.
 1 APPPATH\Views\crear.php(30): CodeIgniter\Debug\Exceptions->errorHandler(2, 'Undefined variable $paciente', 'APPPATH\\Views\\crear.php', 30)
 2 SYSTEMPATH\View\View.php(213): include('APPPATH\\Views\\crear.php')
 3 SYSTEMPATH\View\View.php(216): CodeIgniter\View\View->CodeIgniter\View\{closure}()
 4 SYSTEMPATH\Common.php(1142): CodeIgniter\View\View->render('crear', [], true)
 5 APPPATH\Controllers\Pacientes.php(23): view('crear', [...])
 6 SYSTEMPATH\CodeIgniter.php(902): App\Controllers\Pacientes->crear()
 7 SYSTEMPATH\CodeIgniter.php(457): CodeIgniter\CodeIgniter->runController(Object(App\Controllers\Pacientes))
 8 SYSTEMPATH\CodeIgniter.php(340): CodeIgniter\CodeIgniter->handleRequest(null, Object(Config\Cache), false)
 9 FCPATH\index.php(67): CodeIgniter\CodeIgniter->run()
CRITICAL - 2022-10-27 15:07:10 --> Undefined array key "1.42"
in APPPATH\Views\detalle.php on line 90.
 1 APPPATH\Views\detalle.php(90): CodeIgniter\Debug\Exceptions->errorHandler(2, 'Undefined array key "1.42"', 'APPPATH\\Views\\detalle.php', 90)
 2 APPPATH\Views\detalle.php(97): fibonacci('1.42')
 3 SYSTEMPATH\View\View.php(213): include('APPPATH\\Views\\detalle.php')
 4 SYSTEMPATH\View\View.php(216): CodeIgniter\View\View->CodeIgniter\View\{closure}()
 5 SYSTEMPATH\Common.php(1142): CodeIgniter\View\View->render('detalle', [], true)
 6 APPPATH\Controllers\Pacientes.php(98): view('detalle', [...])
 7 SYSTEMPATH\CodeIgniter.php(902): App\Controllers\Pacientes->detalle('29')
 8 SYSTEMPATH\CodeIgniter.php(457): CodeIgniter\CodeIgniter->runController(Object(App\Controllers\Pacientes))
 9 SYSTEMPATH\CodeIgniter.php(340): CodeIgniter\CodeIgniter->handleRequest(null, Object(Config\Cache), false)
10 FCPATH\index.php(67): CodeIgniter\CodeIgniter->run()
CRITICAL - 2022-10-27 15:07:31 --> Undefined array key "1.42"
in APPPATH\Views\detalle.php on line 90.
 1 APPPATH\Views\detalle.php(90): CodeIgniter\Debug\Exceptions->errorHandler(2, 'Undefined array key "1.42"', 'APPPATH\\Views\\detalle.php', 90)
 2 APPPATH\Views\detalle.php(97): fibonacci('1.42')
 3 SYSTEMPATH\View\View.php(213): include('APPPATH\\Views\\detalle.php')
 4 SYSTEMPATH\View\View.php(216): CodeIgniter\View\View->CodeIgniter\View\{closure}()
 5 SYSTEMPATH\Common.php(1142): CodeIgniter\View\View->render('detalle', [], true)
 6 APPPATH\Controllers\Pacientes.php(98): view('detalle', [...])
 7 SYSTEMPATH\CodeIgniter.php(902): App\Controllers\Pacientes->detalle('29')
 8 SYSTEMPATH\CodeIgniter.php(457): CodeIgniter\CodeIgniter->runController(Object(App\Controllers\Pacientes))
 9 SYSTEMPATH\CodeIgniter.php(340): CodeIgniter\CodeIgniter->handleRequest(null, Object(Config\Cache), false)
10 FCPATH\index.php(67): CodeIgniter\CodeIgniter->run()
CRITICAL - 2022-10-27 15:07:32 --> Undefined array key "1.42"
in APPPATH\Views\detalle.php on line 90.
 1 APPPATH\Views\detalle.php(90): CodeIgniter\Debug\Exceptions->errorHandler(2, 'Undefined array key "1.42"', 'APPPATH\\Views\\detalle.php', 90)
 2 APPPATH\Views\detalle.php(97): fibonacci('1.42')
 3 SYSTEMPATH\View\View.php(213): include('APPPATH\\Views\\detalle.php')
 4 SYSTEMPATH\View\View.php(216): CodeIgniter\View\View->CodeIgniter\View\{closure}()
 5 SYSTEMPATH\Common.php(1142): CodeIgniter\View\View->render('detalle', [], true)
 6 APPPATH\Controllers\Pacientes.php(98): view('detalle', [...])
 7 SYSTEMPATH\CodeIgniter.php(902): App\Controllers\Pacientes->detalle('29')
 8 SYSTEMPATH\CodeIgniter.php(457): CodeIgniter\CodeIgniter->runController(Object(App\Controllers\Pacientes))
 9 SYSTEMPATH\CodeIgniter.php(340): CodeIgniter\CodeIgniter->handleRequest(null, Object(Config\Cache), false)
10 FCPATH\index.php(67): CodeIgniter\CodeIgniter->run()
CRITICAL - 2022-10-27 15:07:39 --> Undefined array key "1.42"
in APPPATH\Views\detalle.php on line 90.
 1 APPPATH\Views\detalle.php(90): CodeIgniter\Debug\Exceptions->errorHandler(2, 'Undefined array key "1.42"', 'APPPATH\\Views\\detalle.php', 90)
 2 APPPATH\Views\detalle.php(97): fibonacci('1.42')
 3 SYSTEMPATH\View\View.php(213): include('APPPATH\\Views\\detalle.php')
 4 SYSTEMPATH\View\View.php(216): CodeIgniter\View\View->CodeIgniter\View\{closure}()
 5 SYSTEMPATH\Common.php(1142): CodeIgniter\View\View->render('detalle', [], true)
 6 APPPATH\Controllers\Pacientes.php(98): view('detalle', [...])
 7 SYSTEMPATH\CodeIgniter.php(902): App\Controllers\Pacientes->detalle('29')
 8 SYSTEMPATH\CodeIgniter.php(457): CodeIgniter\CodeIgniter->runController(Object(App\Controllers\Pacientes))
 9 SYSTEMPATH\CodeIgniter.php(340): CodeIgniter\CodeIgniter->handleRequest(null, Object(Config\Cache), false)
10 FCPATH\index.php(67): CodeIgniter\CodeIgniter->run()
CRITICAL - 2022-10-27 15:08:10 --> Undefined array key "1.42"
in APPPATH\Views\detalle.php on line 90.
 1 APPPATH\Views\detalle.php(90): CodeIgniter\Debug\Exceptions->errorHandler(2, 'Undefined array key "1.42"', 'APPPATH\\Views\\detalle.php', 90)
 2 APPPATH\Views\detalle.php(97): fibonacci('1.42')
 3 SYSTEMPATH\View\View.php(213): include('APPPATH\\Views\\detalle.php')
 4 SYSTEMPATH\View\View.php(216): CodeIgniter\View\View->CodeIgniter\View\{closure}()
 5 SYSTEMPATH\Common.php(1142): CodeIgniter\View\View->render('detalle', [], true)
 6 APPPATH\Controllers\Pacientes.php(98): view('detalle', [...])
 7 SYSTEMPATH\CodeIgniter.php(902): App\Controllers\Pacientes->detalle('29')
 8 SYSTEMPATH\CodeIgniter.php(457): CodeIgniter\CodeIgniter->runController(Object(App\Controllers\Pacientes))
 9 SYSTEMPATH\CodeIgniter.php(340): CodeIgniter\CodeIgniter->handleRequest(null, Object(Config\Cache), false)
10 FCPATH\index.php(67): CodeIgniter\CodeIgniter->run()
CRITICAL - 2022-10-27 15:08:11 --> Undefined array key "1.42"
in APPPATH\Views\detalle.php on line 90.
 1 APPPATH\Views\detalle.php(90): CodeIgniter\Debug\Exceptions->errorHandler(2, 'Undefined array key "1.42"', 'APPPATH\\Views\\detalle.php', 90)
 2 APPPATH\Views\detalle.php(97): fibonacci('1.42')
 3 SYSTEMPATH\View\View.php(213): include('APPPATH\\Views\\detalle.php')
 4 SYSTEMPATH\View\View.php(216): CodeIgniter\View\View->CodeIgniter\View\{closure}()
 5 SYSTEMPATH\Common.php(1142): CodeIgniter\View\View->render('detalle', [], true)
 6 APPPATH\Controllers\Pacientes.php(98): view('detalle', [...])
 7 SYSTEMPATH\CodeIgniter.php(902): App\Controllers\Pacientes->detalle('29')
 8 SYSTEMPATH\CodeIgniter.php(457): CodeIgniter\CodeIgniter->runController(Object(App\Controllers\Pacientes))
 9 SYSTEMPATH\CodeIgniter.php(340): CodeIgniter\CodeIgniter->handleRequest(null, Object(Config\Cache), false)
10 FCPATH\index.php(67): CodeIgniter\CodeIgniter->run()
CRITICAL - 2022-10-27 15:08:29 --> Undefined array key "1.42"
in APPPATH\Views\detalle.php on line 90.
 1 APPPATH\Views\detalle.php(90): CodeIgniter\Debug\Exceptions->errorHandler(2, 'Undefined array key "1.42"', 'APPPATH\\Views\\detalle.php', 90)
 2 APPPATH\Views\detalle.php(97): fibonacci('1.42')
 3 SYSTEMPATH\View\View.php(213): include('APPPATH\\Views\\detalle.php')
 4 SYSTEMPATH\View\View.php(216): CodeIgniter\View\View->CodeIgniter\View\{closure}()
 5 SYSTEMPATH\Common.php(1142): CodeIgniter\View\View->render('detalle', [], true)
 6 APPPATH\Controllers\Pacientes.php(98): view('detalle', [...])
 7 SYSTEMPATH\CodeIgniter.php(902): App\Controllers\Pacientes->detalle('29')
 8 SYSTEMPATH\CodeIgniter.php(457): CodeIgniter\CodeIgniter->runController(Object(App\Controllers\Pacientes))
 9 SYSTEMPATH\CodeIgniter.php(340): CodeIgniter\CodeIgniter->handleRequest(null, Object(Config\Cache), false)
10 FCPATH\index.php(67): CodeIgniter\CodeIgniter->run()
CRITICAL - 2022-10-27 15:09:38 --> First array member is not a valid class name or object
in APPPATH\Views\detalle.php on line 90.
 1 APPPATH\Views\detalle.php(97): fibonacci('1.42')
 2 SYSTEMPATH\View\View.php(213): include('APPPATH\\Views\\detalle.php')
 3 SYSTEMPATH\View\View.php(216): CodeIgniter\View\View->CodeIgniter\View\{closure}()
 4 SYSTEMPATH\Common.php(1142): CodeIgniter\View\View->render('detalle', [], true)
 5 APPPATH\Controllers\Pacientes.php(98): view('detalle', [...])
 6 SYSTEMPATH\CodeIgniter.php(902): App\Controllers\Pacientes->detalle('29')
 7 SYSTEMPATH\CodeIgniter.php(457): CodeIgniter\CodeIgniter->runController(Object(App\Controllers\Pacientes))
 8 SYSTEMPATH\CodeIgniter.php(340): CodeIgniter\CodeIgniter->handleRequest(null, Object(Config\Cache), false)
 9 FCPATH\index.php(67): CodeIgniter\CodeIgniter->run()
CRITICAL - 2022-10-27 15:42:01 --> Undefined variable $fn
in APPPATH\Views\detalle.php on line 98.
 1 APPPATH\Views\detalle.php(98): CodeIgniter\Debug\Exceptions->errorHandler(2, 'Undefined variable $fn', 'APPPATH\\Views\\detalle.php', 98)
 2 APPPATH\Views\detalle.php(109): plural(1.0)
 3 SYSTEMPATH\View\View.php(213): include('APPPATH\\Views\\detalle.php')
 4 SYSTEMPATH\View\View.php(216): CodeIgniter\View\View->CodeIgniter\View\{closure}()
 5 SYSTEMPATH\Common.php(1142): CodeIgniter\View\View->render('detalle', [], true)
 6 APPPATH\Controllers\Pacientes.php(98): view('detalle', [...])
 7 SYSTEMPATH\CodeIgniter.php(902): App\Controllers\Pacientes->detalle('30')
 8 SYSTEMPATH\CodeIgniter.php(457): CodeIgniter\CodeIgniter->runController(Object(App\Controllers\Pacientes))
 9 SYSTEMPATH\CodeIgniter.php(340): CodeIgniter\CodeIgniter->handleRequest(null, Object(Config\Cache), false)
10 FCPATH\index.php(67): CodeIgniter\CodeIgniter->run()
CRITICAL - 2022-10-27 16:08:28 --> Undefined variable $fn
in APPPATH\Views\detalle.php on line 98.
 1 APPPATH\Views\detalle.php(98): CodeIgniter\Debug\Exceptions->errorHandler(2, 'Undefined variable $fn', 'APPPATH\\Views\\detalle.php', 98)
 2 APPPATH\Views\detalle.php(109): plural(1.0)
 3 SYSTEMPATH\View\View.php(213): include('APPPATH\\Views\\detalle.php')
 4 SYSTEMPATH\View\View.php(216): CodeIgniter\View\View->CodeIgniter\View\{closure}()
 5 SYSTEMPATH\Common.php(1142): CodeIgniter\View\View->render('detalle', [], true)
 6 APPPATH\Controllers\Pacientes.php(98): view('detalle', [...])
 7 SYSTEMPATH\CodeIgniter.php(902): App\Controllers\Pacientes->detalle('30')
 8 SYSTEMPATH\CodeIgniter.php(457): CodeIgniter\CodeIgniter->runController(Object(App\Controllers\Pacientes))
 9 SYSTEMPATH\CodeIgniter.php(340): CodeIgniter\CodeIgniter->handleRequest(null, Object(Config\Cache), false)
10 FCPATH\index.php(67): CodeIgniter\CodeIgniter->run()
CRITICAL - 2022-10-27 16:08:42 --> Undefined variable $fn
in APPPATH\Views\detalle.php on line 98.
 1 APPPATH\Views\detalle.php(98): CodeIgniter\Debug\Exceptions->errorHandler(2, 'Undefined variable $fn', 'APPPATH\\Views\\detalle.php', 98)
 2 APPPATH\Views\detalle.php(109): plural(1.0)
 3 SYSTEMPATH\View\View.php(213): include('APPPATH\\Views\\detalle.php')
 4 SYSTEMPATH\View\View.php(216): CodeIgniter\View\View->CodeIgniter\View\{closure}()
 5 SYSTEMPATH\Common.php(1142): CodeIgniter\View\View->render('detalle', [], true)
 6 APPPATH\Controllers\Pacientes.php(98): view('detalle', [...])
 7 SYSTEMPATH\CodeIgniter.php(902): App\Controllers\Pacientes->detalle('30')
 8 SYSTEMPATH\CodeIgniter.php(457): CodeIgniter\CodeIgniter->runController(Object(App\Controllers\Pacientes))
 9 SYSTEMPATH\CodeIgniter.php(340): CodeIgniter\CodeIgniter->handleRequest(null, Object(Config\Cache), false)
10 FCPATH\index.php(67): CodeIgniter\CodeIgniter->run()
CRITICAL - 2022-10-27 16:08:43 --> Undefined variable $fn
in APPPATH\Views\detalle.php on line 98.
 1 APPPATH\Views\detalle.php(98): CodeIgniter\Debug\Exceptions->errorHandler(2, 'Undefined variable $fn', 'APPPATH\\Views\\detalle.php', 98)
 2 APPPATH\Views\detalle.php(109): plural(1.0)
 3 SYSTEMPATH\View\View.php(213): include('APPPATH\\Views\\detalle.php')
 4 SYSTEMPATH\View\View.php(216): CodeIgniter\View\View->CodeIgniter\View\{closure}()
 5 SYSTEMPATH\Common.php(1142): CodeIgniter\View\View->render('detalle', [], true)
 6 APPPATH\Controllers\Pacientes.php(98): view('detalle', [...])
 7 SYSTEMPATH\CodeIgniter.php(902): App\Controllers\Pacientes->detalle('30')
 8 SYSTEMPATH\CodeIgniter.php(457): CodeIgniter\CodeIgniter->runController(Object(App\Controllers\Pacientes))
 9 SYSTEMPATH\CodeIgniter.php(340): CodeIgniter\CodeIgniter->handleRequest(null, Object(Config\Cache), false)
10 FCPATH\index.php(67): CodeIgniter\CodeIgniter->run()
CRITICAL - 2022-10-27 16:10:02 --> Undefined variable $fn
in APPPATH\Views\detalle.php on line 98.
 1 APPPATH\Views\detalle.php(98): CodeIgniter\Debug\Exceptions->errorHandler(2, 'Undefined variable $fn', 'APPPATH\\Views\\detalle.php', 98)
 2 APPPATH\Views\detalle.php(109): plural(1.0)
 3 SYSTEMPATH\View\View.php(213): include('APPPATH\\Views\\detalle.php')
 4 SYSTEMPATH\View\View.php(216): CodeIgniter\View\View->CodeIgniter\View\{closure}()
 5 SYSTEMPATH\Common.php(1142): CodeIgniter\View\View->render('detalle', [], true)
 6 APPPATH\Controllers\Pacientes.php(98): view('detalle', [...])
 7 SYSTEMPATH\CodeIgniter.php(902): App\Controllers\Pacientes->detalle('30')
 8 SYSTEMPATH\CodeIgniter.php(457): CodeIgniter\CodeIgniter->runController(Object(App\Controllers\Pacientes))
 9 SYSTEMPATH\CodeIgniter.php(340): CodeIgniter\CodeIgniter->handleRequest(null, Object(Config\Cache), false)
10 FCPATH\index.php(67): CodeIgniter\CodeIgniter->run()
CRITICAL - 2022-10-27 16:10:03 --> Undefined variable $fn
in APPPATH\Views\detalle.php on line 98.
 1 APPPATH\Views\detalle.php(98): CodeIgniter\Debug\Exceptions->errorHandler(2, 'Undefined variable $fn', 'APPPATH\\Views\\detalle.php', 98)
 2 APPPATH\Views\detalle.php(109): plural(1.0)
 3 SYSTEMPATH\View\View.php(213): include('APPPATH\\Views\\detalle.php')
 4 SYSTEMPATH\View\View.php(216): CodeIgniter\View\View->CodeIgniter\View\{closure}()
 5 SYSTEMPATH\Common.php(1142): CodeIgniter\View\View->render('detalle', [], true)
 6 APPPATH\Controllers\Pacientes.php(98): view('detalle', [...])
 7 SYSTEMPATH\CodeIgniter.php(902): App\Controllers\Pacientes->detalle('30')
 8 SYSTEMPATH\CodeIgniter.php(457): CodeIgniter\CodeIgniter->runController(Object(App\Controllers\Pacientes))
 9 SYSTEMPATH\CodeIgniter.php(340): CodeIgniter\CodeIgniter->handleRequest(null, Object(Config\Cache), false)
10 FCPATH\index.php(67): CodeIgniter\CodeIgniter->run()
CRITICAL - 2022-10-27 16:10:45 --> Undefined variable $fn
in APPPATH\Views\detalle.php on line 98.
 1 APPPATH\Views\detalle.php(98): CodeIgniter\Debug\Exceptions->errorHandler(2, 'Undefined variable $fn', 'APPPATH\\Views\\detalle.php', 98)
 2 APPPATH\Views\detalle.php(109): plural(1.0)
 3 SYSTEMPATH\View\View.php(213): include('APPPATH\\Views\\detalle.php')
 4 SYSTEMPATH\View\View.php(216): CodeIgniter\View\View->CodeIgniter\View\{closure}()
 5 SYSTEMPATH\Common.php(1142): CodeIgniter\View\View->render('detalle', [], true)
 6 APPPATH\Controllers\Pacientes.php(98): view('detalle', [...])
 7 SYSTEMPATH\CodeIgniter.php(902): App\Controllers\Pacientes->detalle('30')
 8 SYSTEMPATH\CodeIgniter.php(457): CodeIgniter\CodeIgniter->runController(Object(App\Controllers\Pacientes))
 9 SYSTEMPATH\CodeIgniter.php(340): CodeIgniter\CodeIgniter->handleRequest(null, Object(Config\Cache), false)
10 FCPATH\index.php(67): CodeIgniter\CodeIgniter->run()
CRITICAL - 2022-10-27 16:10:46 --> Undefined variable $fn
in APPPATH\Views\detalle.php on line 98.
 1 APPPATH\Views\detalle.php(98): CodeIgniter\Debug\Exceptions->errorHandler(2, 'Undefined variable $fn', 'APPPATH\\Views\\detalle.php', 98)
 2 APPPATH\Views\detalle.php(109): plural(1.0)
 3 SYSTEMPATH\View\View.php(213): include('APPPATH\\Views\\detalle.php')
 4 SYSTEMPATH\View\View.php(216): CodeIgniter\View\View->CodeIgniter\View\{closure}()
 5 SYSTEMPATH\Common.php(1142): CodeIgniter\View\View->render('detalle', [], true)
 6 APPPATH\Controllers\Pacientes.php(98): view('detalle', [...])
 7 SYSTEMPATH\CodeIgniter.php(902): App\Controllers\Pacientes->detalle('30')
 8 SYSTEMPATH\CodeIgniter.php(457): CodeIgniter\CodeIgniter->runController(Object(App\Controllers\Pacientes))
 9 SYSTEMPATH\CodeIgniter.php(340): CodeIgniter\CodeIgniter->handleRequest(null, Object(Config\Cache), false)
10 FCPATH\index.php(67): CodeIgniter\CodeIgniter->run()
CRITICAL - 2022-10-27 16:11:08 --> Undefined variable $altura
in APPPATH\Views\detalle.php on line 98.
 1 APPPATH\Views\detalle.php(98): CodeIgniter\Debug\Exceptions->errorHandler(2, 'Undefined variable $altura', 'APPPATH\\Views\\detalle.php', 98)
 2 APPPATH\Views\detalle.php(109): plural(1.0)
 3 SYSTEMPATH\View\View.php(213): include('APPPATH\\Views\\detalle.php')
 4 SYSTEMPATH\View\View.php(216): CodeIgniter\View\View->CodeIgniter\View\{closure}()
 5 SYSTEMPATH\Common.php(1142): CodeIgniter\View\View->render('detalle', [], true)
 6 APPPATH\Controllers\Pacientes.php(98): view('detalle', [...])
 7 SYSTEMPATH\CodeIgniter.php(902): App\Controllers\Pacientes->detalle('30')
 8 SYSTEMPATH\CodeIgniter.php(457): CodeIgniter\CodeIgniter->runController(Object(App\Controllers\Pacientes))
 9 SYSTEMPATH\CodeIgniter.php(340): CodeIgniter\CodeIgniter->handleRequest(null, Object(Config\Cache), false)
10 FCPATH\index.php(67): CodeIgniter\CodeIgniter->run()
CRITICAL - 2022-10-27 16:11:09 --> Undefined variable $altura
in APPPATH\Views\detalle.php on line 98.
 1 APPPATH\Views\detalle.php(98): CodeIgniter\Debug\Exceptions->errorHandler(2, 'Undefined variable $altura', 'APPPATH\\Views\\detalle.php', 98)
 2 APPPATH\Views\detalle.php(109): plural(1.0)
 3 SYSTEMPATH\View\View.php(213): include('APPPATH\\Views\\detalle.php')
 4 SYSTEMPATH\View\View.php(216): CodeIgniter\View\View->CodeIgniter\View\{closure}()
 5 SYSTEMPATH\Common.php(1142): CodeIgniter\View\View->render('detalle', [], true)
 6 APPPATH\Controllers\Pacientes.php(98): view('detalle', [...])
 7 SYSTEMPATH\CodeIgniter.php(902): App\Controllers\Pacientes->detalle('30')
 8 SYSTEMPATH\CodeIgniter.php(457): CodeIgniter\CodeIgniter->runController(Object(App\Controllers\Pacientes))
 9 SYSTEMPATH\CodeIgniter.php(340): CodeIgniter\CodeIgniter->handleRequest(null, Object(Config\Cache), false)
10 FCPATH\index.php(67): CodeIgniter\CodeIgniter->run()
CRITICAL - 2022-10-27 16:11:19 --> Undefined variable $paciente
in APPPATH\Views\detalle.php on line 98.
 1 APPPATH\Views\detalle.php(98): CodeIgniter\Debug\Exceptions->errorHandler(2, 'Undefined variable $paciente', 'APPPATH\\Views\\detalle.php', 98)
 2 APPPATH\Views\detalle.php(110): plural(1.0)
 3 SYSTEMPATH\View\View.php(213): include('APPPATH\\Views\\detalle.php')
 4 SYSTEMPATH\View\View.php(216): CodeIgniter\View\View->CodeIgniter\View\{closure}()
 5 SYSTEMPATH\Common.php(1142): CodeIgniter\View\View->render('detalle', [], true)
 6 APPPATH\Controllers\Pacientes.php(98): view('detalle', [...])
 7 SYSTEMPATH\CodeIgniter.php(902): App\Controllers\Pacientes->detalle('30')
 8 SYSTEMPATH\CodeIgniter.php(457): CodeIgniter\CodeIgniter->runController(Object(App\Controllers\Pacientes))
 9 SYSTEMPATH\CodeIgniter.php(340): CodeIgniter\CodeIgniter->handleRequest(null, Object(Config\Cache), false)
10 FCPATH\index.php(67): CodeIgniter\CodeIgniter->run()
CRITICAL - 2022-10-27 16:11:20 --> Undefined variable $paciente
in APPPATH\Views\detalle.php on line 98.
 1 APPPATH\Views\detalle.php(98): CodeIgniter\Debug\Exceptions->errorHandler(2, 'Undefined variable $paciente', 'APPPATH\\Views\\detalle.php', 98)
 2 APPPATH\Views\detalle.php(110): plural(1.0)
 3 SYSTEMPATH\View\View.php(213): include('APPPATH\\Views\\detalle.php')
 4 SYSTEMPATH\View\View.php(216): CodeIgniter\View\View->CodeIgniter\View\{closure}()
 5 SYSTEMPATH\Common.php(1142): CodeIgniter\View\View->render('detalle', [], true)
 6 APPPATH\Controllers\Pacientes.php(98): view('detalle', [...])
 7 SYSTEMPATH\CodeIgniter.php(902): App\Controllers\Pacientes->detalle('30')
 8 SYSTEMPATH\CodeIgniter.php(457): CodeIgniter\CodeIgniter->runController(Object(App\Controllers\Pacientes))
 9 SYSTEMPATH\CodeIgniter.php(340): CodeIgniter\CodeIgniter->handleRequest(null, Object(Config\Cache), false)
10 FCPATH\index.php(67): CodeIgniter\CodeIgniter->run()
CRITICAL - 2022-10-27 16:12:20 --> Undefined variable $altura
in APPPATH\Views\detalle.php on line 98.
 1 APPPATH\Views\detalle.php(98): CodeIgniter\Debug\Exceptions->errorHandler(2, 'Undefined variable $altura', 'APPPATH\\Views\\detalle.php', 98)
 2 APPPATH\Views\detalle.php(110): plural(1.0)
 3 SYSTEMPATH\View\View.php(213): include('APPPATH\\Views\\detalle.php')
 4 SYSTEMPATH\View\View.php(216): CodeIgniter\View\View->CodeIgniter\View\{closure}()
 5 SYSTEMPATH\Common.php(1142): CodeIgniter\View\View->render('detalle', [], true)
 6 APPPATH\Controllers\Pacientes.php(98): view('detalle', [...])
 7 SYSTEMPATH\CodeIgniter.php(902): App\Controllers\Pacientes->detalle('30')
 8 SYSTEMPATH\CodeIgniter.php(457): CodeIgniter\CodeIgniter->runController(Object(App\Controllers\Pacientes))
 9 SYSTEMPATH\CodeIgniter.php(340): CodeIgniter\CodeIgniter->handleRequest(null, Object(Config\Cache), false)
10 FCPATH\index.php(67): CodeIgniter\CodeIgniter->run()
CRITICAL - 2022-10-27 16:12:21 --> Undefined variable $altura
in APPPATH\Views\detalle.php on line 98.
 1 APPPATH\Views\detalle.php(98): CodeIgniter\Debug\Exceptions->errorHandler(2, 'Undefined variable $altura', 'APPPATH\\Views\\detalle.php', 98)
 2 APPPATH\Views\detalle.php(110): plural(1.0)
 3 SYSTEMPATH\View\View.php(213): include('APPPATH\\Views\\detalle.php')
 4 SYSTEMPATH\View\View.php(216): CodeIgniter\View\View->CodeIgniter\View\{closure}()
 5 SYSTEMPATH\Common.php(1142): CodeIgniter\View\View->render('detalle', [], true)
 6 APPPATH\Controllers\Pacientes.php(98): view('detalle', [...])
 7 SYSTEMPATH\CodeIgniter.php(902): App\Controllers\Pacientes->detalle('30')
 8 SYSTEMPATH\CodeIgniter.php(457): CodeIgniter\CodeIgniter->runController(Object(App\Controllers\Pacientes))
 9 SYSTEMPATH\CodeIgniter.php(340): CodeIgniter\CodeIgniter->handleRequest(null, Object(Config\Cache), false)
10 FCPATH\index.php(67): CodeIgniter\CodeIgniter->run()
CRITICAL - 2022-10-27 16:12:23 --> Undefined variable $altura
in APPPATH\Views\detalle.php on line 98.
 1 APPPATH\Views\detalle.php(98): CodeIgniter\Debug\Exceptions->errorHandler(2, 'Undefined variable $altura', 'APPPATH\\Views\\detalle.php', 98)
 2 APPPATH\Views\detalle.php(110): plural(1.0)
 3 SYSTEMPATH\View\View.php(213): include('APPPATH\\Views\\detalle.php')
 4 SYSTEMPATH\View\View.php(216): CodeIgniter\View\View->CodeIgniter\View\{closure}()
 5 SYSTEMPATH\Common.php(1142): CodeIgniter\View\View->render('detalle', [], true)
 6 APPPATH\Controllers\Pacientes.php(98): view('detalle', [...])
 7 SYSTEMPATH\CodeIgniter.php(902): App\Controllers\Pacientes->detalle('30')
 8 SYSTEMPATH\CodeIgniter.php(457): CodeIgniter\CodeIgniter->runController(Object(App\Controllers\Pacientes))
 9 SYSTEMPATH\CodeIgniter.php(340): CodeIgniter\CodeIgniter->handleRequest(null, Object(Config\Cache), false)
10 FCPATH\index.php(67): CodeIgniter\CodeIgniter->run()
CRITICAL - 2022-10-27 16:12:35 --> Undefined variable $paciente
in APPPATH\Views\detalle.php on line 98.
 1 APPPATH\Views\detalle.php(98): CodeIgniter\Debug\Exceptions->errorHandler(2, 'Undefined variable $paciente', 'APPPATH\\Views\\detalle.php', 98)
 2 APPPATH\Views\detalle.php(111): plural(1.0)
 3 SYSTEMPATH\View\View.php(213): include('APPPATH\\Views\\detalle.php')
 4 SYSTEMPATH\View\View.php(216): CodeIgniter\View\View->CodeIgniter\View\{closure}()
 5 SYSTEMPATH\Common.php(1142): CodeIgniter\View\View->render('detalle', [], true)
 6 APPPATH\Controllers\Pacientes.php(98): view('detalle', [...])
 7 SYSTEMPATH\CodeIgniter.php(902): App\Controllers\Pacientes->detalle('30')
 8 SYSTEMPATH\CodeIgniter.php(457): CodeIgniter\CodeIgniter->runController(Object(App\Controllers\Pacientes))
 9 SYSTEMPATH\CodeIgniter.php(340): CodeIgniter\CodeIgniter->handleRequest(null, Object(Config\Cache), false)
10 FCPATH\index.php(67): CodeIgniter\CodeIgniter->run()
CRITICAL - 2022-10-27 16:12:36 --> Undefined variable $paciente
in APPPATH\Views\detalle.php on line 98.
 1 APPPATH\Views\detalle.php(98): CodeIgniter\Debug\Exceptions->errorHandler(2, 'Undefined variable $paciente', 'APPPATH\\Views\\detalle.php', 98)
 2 APPPATH\Views\detalle.php(111): plural(1.0)
 3 SYSTEMPATH\View\View.php(213): include('APPPATH\\Views\\detalle.php')
 4 SYSTEMPATH\View\View.php(216): CodeIgniter\View\View->CodeIgniter\View\{closure}()
 5 SYSTEMPATH\Common.php(1142): CodeIgniter\View\View->render('detalle', [], true)
 6 APPPATH\Controllers\Pacientes.php(98): view('detalle', [...])
 7 SYSTEMPATH\CodeIgniter.php(902): App\Controllers\Pacientes->detalle('30')
 8 SYSTEMPATH\CodeIgniter.php(457): CodeIgniter\CodeIgniter->runController(Object(App\Controllers\Pacientes))
 9 SYSTEMPATH\CodeIgniter.php(340): CodeIgniter\CodeIgniter->handleRequest(null, Object(Config\Cache), false)
10 FCPATH\index.php(67): CodeIgniter\CodeIgniter->run()
CRITICAL - 2022-10-27 16:28:42 --> sqrt(): Argument #1 ($num) must be of type float, DateTime given
in APPPATH\Views\detalle.php on line 110.
 1 APPPATH\Views\detalle.php(110): sqrt(Object(DateTime))
 2 APPPATH\Views\detalle.php(114): correr('14-09-2001')
 3 SYSTEMPATH\View\View.php(213): include('APPPATH\\Views\\detalle.php')
 4 SYSTEMPATH\View\View.php(216): CodeIgniter\View\View->CodeIgniter\View\{closure}()
 5 SYSTEMPATH\Common.php(1142): CodeIgniter\View\View->render('detalle', [], true)
 6 APPPATH\Controllers\Pacientes.php(98): view('detalle', [...])
 7 SYSTEMPATH\CodeIgniter.php(902): App\Controllers\Pacientes->detalle('27')
 8 SYSTEMPATH\CodeIgniter.php(457): CodeIgniter\CodeIgniter->runController(Object(App\Controllers\Pacientes))
 9 SYSTEMPATH\CodeIgniter.php(340): CodeIgniter\CodeIgniter->handleRequest(null, Object(Config\Cache), false)
10 FCPATH\index.php(67): CodeIgniter\CodeIgniter->run()
CRITICAL - 2022-10-27 16:29:29 --> sqrt(): Argument #1 ($num) must be of type float, DateTime given
in APPPATH\Views\detalle.php on line 110.
 1 APPPATH\Views\detalle.php(110): sqrt(Object(DateTime))
 2 APPPATH\Views\detalle.php(114): correr('14-09-2001')
 3 SYSTEMPATH\View\View.php(213): include('APPPATH\\Views\\detalle.php')
 4 SYSTEMPATH\View\View.php(216): CodeIgniter\View\View->CodeIgniter\View\{closure}()
 5 SYSTEMPATH\Common.php(1142): CodeIgniter\View\View->render('detalle', [], true)
 6 APPPATH\Controllers\Pacientes.php(98): view('detalle', [...])
 7 SYSTEMPATH\CodeIgniter.php(902): App\Controllers\Pacientes->detalle('27')
 8 SYSTEMPATH\CodeIgniter.php(457): CodeIgniter\CodeIgniter->runController(Object(App\Controllers\Pacientes))
 9 SYSTEMPATH\CodeIgniter.php(340): CodeIgniter\CodeIgniter->handleRequest(null, Object(Config\Cache), false)
10 FCPATH\index.php(67): CodeIgniter\CodeIgniter->run()
CRITICAL - 2022-10-27 16:29:57 --> sqrt(): Argument #1 ($num) must be of type float, DateTime given
in APPPATH\Views\detalle.php on line 110.
 1 APPPATH\Views\detalle.php(110): sqrt(Object(DateTime))
 2 APPPATH\Views\detalle.php(115): correr('14-09-2001')
 3 SYSTEMPATH\View\View.php(213): include('APPPATH\\Views\\detalle.php')
 4 SYSTEMPATH\View\View.php(216): CodeIgniter\View\View->CodeIgniter\View\{closure}()
 5 SYSTEMPATH\Common.php(1142): CodeIgniter\View\View->render('detalle', [], true)
 6 APPPATH\Controllers\Pacientes.php(98): view('detalle', [...])
 7 SYSTEMPATH\CodeIgniter.php(902): App\Controllers\Pacientes->detalle('27')
 8 SYSTEMPATH\CodeIgniter.php(457): CodeIgniter\CodeIgniter->runController(Object(App\Controllers\Pacientes))
 9 SYSTEMPATH\CodeIgniter.php(340): CodeIgniter\CodeIgniter->handleRequest(null, Object(Config\Cache), false)
10 FCPATH\index.php(67): CodeIgniter\CodeIgniter->run()
CRITICAL - 2022-10-27 16:29:58 --> sqrt(): Argument #1 ($num) must be of type float, DateTime given
in APPPATH\Views\detalle.php on line 110.
 1 APPPATH\Views\detalle.php(110): sqrt(Object(DateTime))
 2 APPPATH\Views\detalle.php(115): correr('14-09-2001')
 3 SYSTEMPATH\View\View.php(213): include('APPPATH\\Views\\detalle.php')
 4 SYSTEMPATH\View\View.php(216): CodeIgniter\View\View->CodeIgniter\View\{closure}()
 5 SYSTEMPATH\Common.php(1142): CodeIgniter\View\View->render('detalle', [], true)
 6 APPPATH\Controllers\Pacientes.php(98): view('detalle', [...])
 7 SYSTEMPATH\CodeIgniter.php(902): App\Controllers\Pacientes->detalle('27')
 8 SYSTEMPATH\CodeIgniter.php(457): CodeIgniter\CodeIgniter->runController(Object(App\Controllers\Pacientes))
 9 SYSTEMPATH\CodeIgniter.php(340): CodeIgniter\CodeIgniter->handleRequest(null, Object(Config\Cache), false)
10 FCPATH\index.php(67): CodeIgniter\CodeIgniter->run()
CRITICAL - 2022-10-27 16:31:55 --> sqrt(): Argument #1 ($num) must be of type float, DateTime given
in APPPATH\Views\detalle.php on line 110.
 1 APPPATH\Views\detalle.php(110): sqrt(Object(DateTime))
 2 APPPATH\Views\detalle.php(116): correr('14-09-2001')
 3 SYSTEMPATH\View\View.php(213): include('APPPATH\\Views\\detalle.php')
 4 SYSTEMPATH\View\View.php(216): CodeIgniter\View\View->CodeIgniter\View\{closure}()
 5 SYSTEMPATH\Common.php(1142): CodeIgniter\View\View->render('detalle', [], true)
 6 APPPATH\Controllers\Pacientes.php(98): view('detalle', [...])
 7 SYSTEMPATH\CodeIgniter.php(902): App\Controllers\Pacientes->detalle('27')
 8 SYSTEMPATH\CodeIgniter.php(457): CodeIgniter\CodeIgniter->runController(Object(App\Controllers\Pacientes))
 9 SYSTEMPATH\CodeIgniter.php(340): CodeIgniter\CodeIgniter->handleRequest(null, Object(Config\Cache), false)
10 FCPATH\index.php(67): CodeIgniter\CodeIgniter->run()
CRITICAL - 2022-10-27 16:31:56 --> sqrt(): Argument #1 ($num) must be of type float, DateTime given
in APPPATH\Views\detalle.php on line 110.
 1 APPPATH\Views\detalle.php(110): sqrt(Object(DateTime))
 2 APPPATH\Views\detalle.php(116): correr('14-09-2001')
 3 SYSTEMPATH\View\View.php(213): include('APPPATH\\Views\\detalle.php')
 4 SYSTEMPATH\View\View.php(216): CodeIgniter\View\View->CodeIgniter\View\{closure}()
 5 SYSTEMPATH\Common.php(1142): CodeIgniter\View\View->render('detalle', [], true)
 6 APPPATH\Controllers\Pacientes.php(98): view('detalle', [...])
 7 SYSTEMPATH\CodeIgniter.php(902): App\Controllers\Pacientes->detalle('27')
 8 SYSTEMPATH\CodeIgniter.php(457): CodeIgniter\CodeIgniter->runController(Object(App\Controllers\Pacientes))
 9 SYSTEMPATH\CodeIgniter.php(340): CodeIgniter\CodeIgniter->handleRequest(null, Object(Config\Cache), false)
10 FCPATH\index.php(67): CodeIgniter\CodeIgniter->run()
CRITICAL - 2022-10-27 16:31:57 --> sqrt(): Argument #1 ($num) must be of type float, DateTime given
in APPPATH\Views\detalle.php on line 110.
 1 APPPATH\Views\detalle.php(110): sqrt(Object(DateTime))
 2 APPPATH\Views\detalle.php(116): correr('14-09-2001')
 3 SYSTEMPATH\View\View.php(213): include('APPPATH\\Views\\detalle.php')
 4 SYSTEMPATH\View\View.php(216): CodeIgniter\View\View->CodeIgniter\View\{closure}()
 5 SYSTEMPATH\Common.php(1142): CodeIgniter\View\View->render('detalle', [], true)
 6 APPPATH\Controllers\Pacientes.php(98): view('detalle', [...])
 7 SYSTEMPATH\CodeIgniter.php(902): App\Controllers\Pacientes->detalle('27')
 8 SYSTEMPATH\CodeIgniter.php(457): CodeIgniter\CodeIgniter->runController(Object(App\Controllers\Pacientes))
 9 SYSTEMPATH\CodeIgniter.php(340): CodeIgniter\CodeIgniter->handleRequest(null, Object(Config\Cache), false)
10 FCPATH\index.php(67): CodeIgniter\CodeIgniter->run()
CRITICAL - 2022-10-27 16:31:58 --> sqrt(): Argument #1 ($num) must be of type float, DateTime given
in APPPATH\Views\detalle.php on line 110.
 1 APPPATH\Views\detalle.php(110): sqrt(Object(DateTime))
 2 APPPATH\Views\detalle.php(116): correr('14-09-2001')
 3 SYSTEMPATH\View\View.php(213): include('APPPATH\\Views\\detalle.php')
 4 SYSTEMPATH\View\View.php(216): CodeIgniter\View\View->CodeIgniter\View\{closure}()
 5 SYSTEMPATH\Common.php(1142): CodeIgniter\View\View->render('detalle', [], true)
 6 APPPATH\Controllers\Pacientes.php(98): view('detalle', [...])
 7 SYSTEMPATH\CodeIgniter.php(902): App\Controllers\Pacientes->detalle('27')
 8 SYSTEMPATH\CodeIgniter.php(457): CodeIgniter\CodeIgniter->runController(Object(App\Controllers\Pacientes))
 9 SYSTEMPATH\CodeIgniter.php(340): CodeIgniter\CodeIgniter->handleRequest(null, Object(Config\Cache), false)
10 FCPATH\index.php(67): CodeIgniter\CodeIgniter->run()
CRITICAL - 2022-10-27 16:31:59 --> sqrt(): Argument #1 ($num) must be of type float, DateTime given
in APPPATH\Views\detalle.php on line 110.
 1 APPPATH\Views\detalle.php(110): sqrt(Object(DateTime))
 2 APPPATH\Views\detalle.php(116): correr('14-09-2001')
 3 SYSTEMPATH\View\View.php(213): include('APPPATH\\Views\\detalle.php')
 4 SYSTEMPATH\View\View.php(216): CodeIgniter\View\View->CodeIgniter\View\{closure}()
 5 SYSTEMPATH\Common.php(1142): CodeIgniter\View\View->render('detalle', [], true)
 6 APPPATH\Controllers\Pacientes.php(98): view('detalle', [...])
 7 SYSTEMPATH\CodeIgniter.php(902): App\Controllers\Pacientes->detalle('27')
 8 SYSTEMPATH\CodeIgniter.php(457): CodeIgniter\CodeIgniter->runController(Object(App\Controllers\Pacientes))
 9 SYSTEMPATH\CodeIgniter.php(340): CodeIgniter\CodeIgniter->handleRequest(null, Object(Config\Cache), false)
10 FCPATH\index.php(67): CodeIgniter\CodeIgniter->run()
CRITICAL - 2022-10-27 16:32:01 --> sqrt(): Argument #1 ($num) must be of type float, DateTime given
in APPPATH\Views\detalle.php on line 110.
 1 APPPATH\Views\detalle.php(110): sqrt(Object(DateTime))
 2 APPPATH\Views\detalle.php(116): correr('14-09-2001')
 3 SYSTEMPATH\View\View.php(213): include('APPPATH\\Views\\detalle.php')
 4 SYSTEMPATH\View\View.php(216): CodeIgniter\View\View->CodeIgniter\View\{closure}()
 5 SYSTEMPATH\Common.php(1142): CodeIgniter\View\View->render('detalle', [], true)
 6 APPPATH\Controllers\Pacientes.php(98): view('detalle', [...])
 7 SYSTEMPATH\CodeIgniter.php(902): App\Controllers\Pacientes->detalle('27')
 8 SYSTEMPATH\CodeIgniter.php(457): CodeIgniter\CodeIgniter->runController(Object(App\Controllers\Pacientes))
 9 SYSTEMPATH\CodeIgniter.php(340): CodeIgniter\CodeIgniter->handleRequest(null, Object(Config\Cache), false)
10 FCPATH\index.php(67): CodeIgniter\CodeIgniter->run()
CRITICAL - 2022-10-27 16:32:02 --> sqrt(): Argument #1 ($num) must be of type float, DateTime given
in APPPATH\Views\detalle.php on line 110.
 1 APPPATH\Views\detalle.php(110): sqrt(Object(DateTime))
 2 APPPATH\Views\detalle.php(116): correr('14-09-2001')
 3 SYSTEMPATH\View\View.php(213): include('APPPATH\\Views\\detalle.php')
 4 SYSTEMPATH\View\View.php(216): CodeIgniter\View\View->CodeIgniter\View\{closure}()
 5 SYSTEMPATH\Common.php(1142): CodeIgniter\View\View->render('detalle', [], true)
 6 APPPATH\Controllers\Pacientes.php(98): view('detalle', [...])
 7 SYSTEMPATH\CodeIgniter.php(902): App\Controllers\Pacientes->detalle('27')
 8 SYSTEMPATH\CodeIgniter.php(457): CodeIgniter\CodeIgniter->runController(Object(App\Controllers\Pacientes))
 9 SYSTEMPATH\CodeIgniter.php(340): CodeIgniter\CodeIgniter->handleRequest(null, Object(Config\Cache), false)
10 FCPATH\index.php(67): CodeIgniter\CodeIgniter->run()
CRITICAL - 2022-10-27 16:33:35 --> sqrt(): Argument #1 ($num) must be of type float, DateTime given
in APPPATH\Views\detalle.php on line 110.
 1 APPPATH\Views\detalle.php(110): sqrt(Object(DateTime))
 2 APPPATH\Views\detalle.php(115): correr('14-09-2001')
 3 SYSTEMPATH\View\View.php(213): include('APPPATH\\Views\\detalle.php')
 4 SYSTEMPATH\View\View.php(216): CodeIgniter\View\View->CodeIgniter\View\{closure}()
 5 SYSTEMPATH\Common.php(1142): CodeIgniter\View\View->render('detalle', [], true)
 6 APPPATH\Controllers\Pacientes.php(98): view('detalle', [...])
 7 SYSTEMPATH\CodeIgniter.php(902): App\Controllers\Pacientes->detalle('27')
 8 SYSTEMPATH\CodeIgniter.php(457): CodeIgniter\CodeIgniter->runController(Object(App\Controllers\Pacientes))
 9 SYSTEMPATH\CodeIgniter.php(340): CodeIgniter\CodeIgniter->handleRequest(null, Object(Config\Cache), false)
10 FCPATH\index.php(67): CodeIgniter\CodeIgniter->run()
CRITICAL - 2022-10-27 16:34:08 --> sqrt(): Argument #1 ($num) must be of type float, DateTime given
in APPPATH\Views\detalle.php on line 110.
 1 APPPATH\Views\detalle.php(110): sqrt(Object(DateTime))
 2 APPPATH\Views\detalle.php(115): correr('14-09-2001')
 3 SYSTEMPATH\View\View.php(213): include('APPPATH\\Views\\detalle.php')
 4 SYSTEMPATH\View\View.php(216): CodeIgniter\View\View->CodeIgniter\View\{closure}()
 5 SYSTEMPATH\Common.php(1142): CodeIgniter\View\View->render('detalle', [], true)
 6 APPPATH\Controllers\Pacientes.php(98): view('detalle', [...])
 7 SYSTEMPATH\CodeIgniter.php(902): App\Controllers\Pacientes->detalle('27')
 8 SYSTEMPATH\CodeIgniter.php(457): CodeIgniter\CodeIgniter->runController(Object(App\Controllers\Pacientes))
 9 SYSTEMPATH\CodeIgniter.php(340): CodeIgniter\CodeIgniter->handleRequest(null, Object(Config\Cache), false)
10 FCPATH\index.php(67): CodeIgniter\CodeIgniter->run()
CRITICAL - 2022-10-27 16:34:09 --> sqrt(): Argument #1 ($num) must be of type float, DateTime given
in APPPATH\Views\detalle.php on line 110.
 1 APPPATH\Views\detalle.php(110): sqrt(Object(DateTime))
 2 APPPATH\Views\detalle.php(115): correr('14-09-2001')
 3 SYSTEMPATH\View\View.php(213): include('APPPATH\\Views\\detalle.php')
 4 SYSTEMPATH\View\View.php(216): CodeIgniter\View\View->CodeIgniter\View\{closure}()
 5 SYSTEMPATH\Common.php(1142): CodeIgniter\View\View->render('detalle', [], true)
 6 APPPATH\Controllers\Pacientes.php(98): view('detalle', [...])
 7 SYSTEMPATH\CodeIgniter.php(902): App\Controllers\Pacientes->detalle('27')
 8 SYSTEMPATH\CodeIgniter.php(457): CodeIgniter\CodeIgniter->runController(Object(App\Controllers\Pacientes))
 9 SYSTEMPATH\CodeIgniter.php(340): CodeIgniter\CodeIgniter->handleRequest(null, Object(Config\Cache), false)
10 FCPATH\index.php(67): CodeIgniter\CodeIgniter->run()
CRITICAL - 2022-10-27 16:34:10 --> sqrt(): Argument #1 ($num) must be of type float, DateTime given
in APPPATH\Views\detalle.php on line 110.
 1 APPPATH\Views\detalle.php(110): sqrt(Object(DateTime))
 2 APPPATH\Views\detalle.php(115): correr('14-09-2001')
 3 SYSTEMPATH\View\View.php(213): include('APPPATH\\Views\\detalle.php')
 4 SYSTEMPATH\View\View.php(216): CodeIgniter\View\View->CodeIgniter\View\{closure}()
 5 SYSTEMPATH\Common.php(1142): CodeIgniter\View\View->render('detalle', [], true)
 6 APPPATH\Controllers\Pacientes.php(98): view('detalle', [...])
 7 SYSTEMPATH\CodeIgniter.php(902): App\Controllers\Pacientes->detalle('27')
 8 SYSTEMPATH\CodeIgniter.php(457): CodeIgniter\CodeIgniter->runController(Object(App\Controllers\Pacientes))
 9 SYSTEMPATH\CodeIgniter.php(340): CodeIgniter\CodeIgniter->handleRequest(null, Object(Config\Cache), false)
10 FCPATH\index.php(67): CodeIgniter\CodeIgniter->run()
CRITICAL - 2022-10-27 16:34:11 --> sqrt(): Argument #1 ($num) must be of type float, DateTime given
in APPPATH\Views\detalle.php on line 110.
 1 APPPATH\Views\detalle.php(110): sqrt(Object(DateTime))
 2 APPPATH\Views\detalle.php(115): correr('14-09-2001')
 3 SYSTEMPATH\View\View.php(213): include('APPPATH\\Views\\detalle.php')
 4 SYSTEMPATH\View\View.php(216): CodeIgniter\View\View->CodeIgniter\View\{closure}()
 5 SYSTEMPATH\Common.php(1142): CodeIgniter\View\View->render('detalle', [], true)
 6 APPPATH\Controllers\Pacientes.php(98): view('detalle', [...])
 7 SYSTEMPATH\CodeIgniter.php(902): App\Controllers\Pacientes->detalle('27')
 8 SYSTEMPATH\CodeIgniter.php(457): CodeIgniter\CodeIgniter->runController(Object(App\Controllers\Pacientes))
 9 SYSTEMPATH\CodeIgniter.php(340): CodeIgniter\CodeIgniter->handleRequest(null, Object(Config\Cache), false)
10 FCPATH\index.php(67): CodeIgniter\CodeIgniter->run()
CRITICAL - 2022-10-27 16:34:31 --> Call to a member function format() on string
in APPPATH\Views\detalle.php on line 108.
 1 APPPATH\Views\detalle.php(114): correr('14-09-2001')
 2 SYSTEMPATH\View\View.php(213): include('APPPATH\\Views\\detalle.php')
 3 SYSTEMPATH\View\View.php(216): CodeIgniter\View\View->CodeIgniter\View\{closure}()
 4 SYSTEMPATH\Common.php(1142): CodeIgniter\View\View->render('detalle', [], true)
 5 APPPATH\Controllers\Pacientes.php(98): view('detalle', [...])
 6 SYSTEMPATH\CodeIgniter.php(902): App\Controllers\Pacientes->detalle('27')
 7 SYSTEMPATH\CodeIgniter.php(457): CodeIgniter\CodeIgniter->runController(Object(App\Controllers\Pacientes))
 8 SYSTEMPATH\CodeIgniter.php(340): CodeIgniter\CodeIgniter->handleRequest(null, Object(Config\Cache), false)
 9 FCPATH\index.php(67): CodeIgniter\CodeIgniter->run()
CRITICAL - 2022-10-27 16:34:53 --> Call to a member function format() on string
in APPPATH\Views\detalle.php on line 108.
 1 APPPATH\Views\detalle.php(114): correr('14-09-2001')
 2 SYSTEMPATH\View\View.php(213): include('APPPATH\\Views\\detalle.php')
 3 SYSTEMPATH\View\View.php(216): CodeIgniter\View\View->CodeIgniter\View\{closure}()
 4 SYSTEMPATH\Common.php(1142): CodeIgniter\View\View->render('detalle', [], true)
 5 APPPATH\Controllers\Pacientes.php(98): view('detalle', [...])
 6 SYSTEMPATH\CodeIgniter.php(902): App\Controllers\Pacientes->detalle('27')
 7 SYSTEMPATH\CodeIgniter.php(457): CodeIgniter\CodeIgniter->runController(Object(App\Controllers\Pacientes))
 8 SYSTEMPATH\CodeIgniter.php(340): CodeIgniter\CodeIgniter->handleRequest(null, Object(Config\Cache), false)
 9 FCPATH\index.php(67): CodeIgniter\CodeIgniter->run()
CRITICAL - 2022-10-27 16:35:40 --> Call to a member function format() on string
in APPPATH\Views\detalle.php on line 109.
 1 APPPATH\Views\detalle.php(115): correr('14-09-2001')
 2 SYSTEMPATH\View\View.php(213): include('APPPATH\\Views\\detalle.php')
 3 SYSTEMPATH\View\View.php(216): CodeIgniter\View\View->CodeIgniter\View\{closure}()
 4 SYSTEMPATH\Common.php(1142): CodeIgniter\View\View->render('detalle', [], true)
 5 APPPATH\Controllers\Pacientes.php(98): view('detalle', [...])
 6 SYSTEMPATH\CodeIgniter.php(902): App\Controllers\Pacientes->detalle('27')
 7 SYSTEMPATH\CodeIgniter.php(457): CodeIgniter\CodeIgniter->runController(Object(App\Controllers\Pacientes))
 8 SYSTEMPATH\CodeIgniter.php(340): CodeIgniter\CodeIgniter->handleRequest(null, Object(Config\Cache), false)
 9 FCPATH\index.php(67): CodeIgniter\CodeIgniter->run()
CRITICAL - 2022-10-27 16:35:41 --> Call to a member function format() on string
in APPPATH\Views\detalle.php on line 109.
 1 APPPATH\Views\detalle.php(115): correr('14-09-2001')
 2 SYSTEMPATH\View\View.php(213): include('APPPATH\\Views\\detalle.php')
 3 SYSTEMPATH\View\View.php(216): CodeIgniter\View\View->CodeIgniter\View\{closure}()
 4 SYSTEMPATH\Common.php(1142): CodeIgniter\View\View->render('detalle', [], true)
 5 APPPATH\Controllers\Pacientes.php(98): view('detalle', [...])
 6 SYSTEMPATH\CodeIgniter.php(902): App\Controllers\Pacientes->detalle('27')
 7 SYSTEMPATH\CodeIgniter.php(457): CodeIgniter\CodeIgniter->runController(Object(App\Controllers\Pacientes))
 8 SYSTEMPATH\CodeIgniter.php(340): CodeIgniter\CodeIgniter->handleRequest(null, Object(Config\Cache), false)
 9 FCPATH\index.php(67): CodeIgniter\CodeIgniter->run()
CRITICAL - 2022-10-27 16:35:58 --> Call to a member function format() on string
in APPPATH\Views\detalle.php on line 109.
 1 APPPATH\Views\detalle.php(115): correr('14-09-2001')
 2 SYSTEMPATH\View\View.php(213): include('APPPATH\\Views\\detalle.php')
 3 SYSTEMPATH\View\View.php(216): CodeIgniter\View\View->CodeIgniter\View\{closure}()
 4 SYSTEMPATH\Common.php(1142): CodeIgniter\View\View->render('detalle', [], true)
 5 APPPATH\Controllers\Pacientes.php(98): view('detalle', [...])
 6 SYSTEMPATH\CodeIgniter.php(902): App\Controllers\Pacientes->detalle('27')
 7 SYSTEMPATH\CodeIgniter.php(457): CodeIgniter\CodeIgniter->runController(Object(App\Controllers\Pacientes))
 8 SYSTEMPATH\CodeIgniter.php(340): CodeIgniter\CodeIgniter->handleRequest(null, Object(Config\Cache), false)
 9 FCPATH\index.php(67): CodeIgniter\CodeIgniter->run()
CRITICAL - 2022-10-27 16:36:13 --> Call to a member function format() on string
in APPPATH\Views\detalle.php on line 109.
 1 APPPATH\Views\detalle.php(115): correr('14-09-2001')
 2 SYSTEMPATH\View\View.php(213): include('APPPATH\\Views\\detalle.php')
 3 SYSTEMPATH\View\View.php(216): CodeIgniter\View\View->CodeIgniter\View\{closure}()
 4 SYSTEMPATH\Common.php(1142): CodeIgniter\View\View->render('detalle', [], true)
 5 APPPATH\Controllers\Pacientes.php(98): view('detalle', [...])
 6 SYSTEMPATH\CodeIgniter.php(902): App\Controllers\Pacientes->detalle('27')
 7 SYSTEMPATH\CodeIgniter.php(457): CodeIgniter\CodeIgniter->runController(Object(App\Controllers\Pacientes))
 8 SYSTEMPATH\CodeIgniter.php(340): CodeIgniter\CodeIgniter->handleRequest(null, Object(Config\Cache), false)
 9 FCPATH\index.php(67): CodeIgniter\CodeIgniter->run()
CRITICAL - 2022-10-27 16:36:14 --> Call to a member function format() on string
in APPPATH\Views\detalle.php on line 109.
 1 APPPATH\Views\detalle.php(115): correr('14-09-2001')
 2 SYSTEMPATH\View\View.php(213): include('APPPATH\\Views\\detalle.php')
 3 SYSTEMPATH\View\View.php(216): CodeIgniter\View\View->CodeIgniter\View\{closure}()
 4 SYSTEMPATH\Common.php(1142): CodeIgniter\View\View->render('detalle', [], true)
 5 APPPATH\Controllers\Pacientes.php(98): view('detalle', [...])
 6 SYSTEMPATH\CodeIgniter.php(902): App\Controllers\Pacientes->detalle('27')
 7 SYSTEMPATH\CodeIgniter.php(457): CodeIgniter\CodeIgniter->runController(Object(App\Controllers\Pacientes))
 8 SYSTEMPATH\CodeIgniter.php(340): CodeIgniter\CodeIgniter->handleRequest(null, Object(Config\Cache), false)
 9 FCPATH\index.php(67): CodeIgniter\CodeIgniter->run()
CRITICAL - 2022-10-27 16:38:24 --> sqrt(): Argument #1 ($num) must be of type float, DateTime given
in APPPATH\Views\detalle.php on line 110.
 1 APPPATH\Views\detalle.php(110): sqrt(Object(DateTime))
 2 APPPATH\Views\detalle.php(115): correr('14-09-2001')
 3 SYSTEMPATH\View\View.php(213): include('APPPATH\\Views\\detalle.php')
 4 SYSTEMPATH\View\View.php(216): CodeIgniter\View\View->CodeIgniter\View\{closure}()
 5 SYSTEMPATH\Common.php(1142): CodeIgniter\View\View->render('detalle', [], true)
 6 APPPATH\Controllers\Pacientes.php(98): view('detalle', [...])
 7 SYSTEMPATH\CodeIgniter.php(902): App\Controllers\Pacientes->detalle('27')
 8 SYSTEMPATH\CodeIgniter.php(457): CodeIgniter\CodeIgniter->runController(Object(App\Controllers\Pacientes))
 9 SYSTEMPATH\CodeIgniter.php(340): CodeIgniter\CodeIgniter->handleRequest(null, Object(Config\Cache), false)
10 FCPATH\index.php(67): CodeIgniter\CodeIgniter->run()
CRITICAL - 2022-10-27 16:38:45 --> sqrt(): Argument #1 ($num) must be of type float, string given
in APPPATH\Views\detalle.php on line 110.
 1 APPPATH\Views\detalle.php(110): sqrt('%01')
 2 APPPATH\Views\detalle.php(115): correr('14-09-2001')
 3 SYSTEMPATH\View\View.php(213): include('APPPATH\\Views\\detalle.php')
 4 SYSTEMPATH\View\View.php(216): CodeIgniter\View\View->CodeIgniter\View\{closure}()
 5 SYSTEMPATH\Common.php(1142): CodeIgniter\View\View->render('detalle', [], true)
 6 APPPATH\Controllers\Pacientes.php(98): view('detalle', [...])
 7 SYSTEMPATH\CodeIgniter.php(902): App\Controllers\Pacientes->detalle('27')
 8 SYSTEMPATH\CodeIgniter.php(457): CodeIgniter\CodeIgniter->runController(Object(App\Controllers\Pacientes))
 9 SYSTEMPATH\CodeIgniter.php(340): CodeIgniter\CodeIgniter->handleRequest(null, Object(Config\Cache), false)
10 FCPATH\index.php(67): CodeIgniter\CodeIgniter->run()
CRITICAL - 2022-10-27 16:39:24 --> sqrt(): Argument #1 ($num) must be of type float, string given
in APPPATH\Views\detalle.php on line 110.
 1 APPPATH\Views\detalle.php(110): sqrt('%01')
 2 APPPATH\Views\detalle.php(115): correr('14-09-2001')
 3 SYSTEMPATH\View\View.php(213): include('APPPATH\\Views\\detalle.php')
 4 SYSTEMPATH\View\View.php(216): CodeIgniter\View\View->CodeIgniter\View\{closure}()
 5 SYSTEMPATH\Common.php(1142): CodeIgniter\View\View->render('detalle', [], true)
 6 APPPATH\Controllers\Pacientes.php(98): view('detalle', [...])
 7 SYSTEMPATH\CodeIgniter.php(902): App\Controllers\Pacientes->detalle('27')
 8 SYSTEMPATH\CodeIgniter.php(457): CodeIgniter\CodeIgniter->runController(Object(App\Controllers\Pacientes))
 9 SYSTEMPATH\CodeIgniter.php(340): CodeIgniter\CodeIgniter->handleRequest(null, Object(Config\Cache), false)
10 FCPATH\index.php(67): CodeIgniter\CodeIgniter->run()
CRITICAL - 2022-10-27 16:40:48 --> sqrt(): Argument #1 ($num) must be of type float, string given
in APPPATH\Views\detalle.php on line 110.
 1 APPPATH\Views\detalle.php(110): sqrt('%01')
 2 APPPATH\Views\detalle.php(116): correr('14-09-2001')
 3 SYSTEMPATH\View\View.php(213): include('APPPATH\\Views\\detalle.php')
 4 SYSTEMPATH\View\View.php(216): CodeIgniter\View\View->CodeIgniter\View\{closure}()
 5 SYSTEMPATH\Common.php(1142): CodeIgniter\View\View->render('detalle', [], true)
 6 APPPATH\Controllers\Pacientes.php(98): view('detalle', [...])
 7 SYSTEMPATH\CodeIgniter.php(902): App\Controllers\Pacientes->detalle('27')
 8 SYSTEMPATH\CodeIgniter.php(457): CodeIgniter\CodeIgniter->runController(Object(App\Controllers\Pacientes))
 9 SYSTEMPATH\CodeIgniter.php(340): CodeIgniter\CodeIgniter->handleRequest(null, Object(Config\Cache), false)
10 FCPATH\index.php(67): CodeIgniter\CodeIgniter->run()
CRITICAL - 2022-10-27 16:40:49 --> sqrt(): Argument #1 ($num) must be of type float, string given
in APPPATH\Views\detalle.php on line 110.
 1 APPPATH\Views\detalle.php(110): sqrt('%01')
 2 APPPATH\Views\detalle.php(116): correr('14-09-2001')
 3 SYSTEMPATH\View\View.php(213): include('APPPATH\\Views\\detalle.php')
 4 SYSTEMPATH\View\View.php(216): CodeIgniter\View\View->CodeIgniter\View\{closure}()
 5 SYSTEMPATH\Common.php(1142): CodeIgniter\View\View->render('detalle', [], true)
 6 APPPATH\Controllers\Pacientes.php(98): view('detalle', [...])
 7 SYSTEMPATH\CodeIgniter.php(902): App\Controllers\Pacientes->detalle('27')
 8 SYSTEMPATH\CodeIgniter.php(457): CodeIgniter\CodeIgniter->runController(Object(App\Controllers\Pacientes))
 9 SYSTEMPATH\CodeIgniter.php(340): CodeIgniter\CodeIgniter->handleRequest(null, Object(Config\Cache), false)
10 FCPATH\index.php(67): CodeIgniter\CodeIgniter->run()
CRITICAL - 2022-10-27 16:42:52 --> syntax error, unexpected token "%"
in APPPATH\Views\detalle.php on line 109.
 1 SYSTEMPATH\View\View.php(216): CodeIgniter\View\View->CodeIgniter\View\{closure}()
 2 SYSTEMPATH\Common.php(1142): CodeIgniter\View\View->render('detalle', [], true)
 3 APPPATH\Controllers\Pacientes.php(98): view('detalle', [...])
 4 SYSTEMPATH\CodeIgniter.php(902): App\Controllers\Pacientes->detalle('27')
 5 SYSTEMPATH\CodeIgniter.php(457): CodeIgniter\CodeIgniter->runController(Object(App\Controllers\Pacientes))
 6 SYSTEMPATH\CodeIgniter.php(340): CodeIgniter\CodeIgniter->handleRequest(null, Object(Config\Cache), false)
 7 FCPATH\index.php(67): CodeIgniter\CodeIgniter->run()
CRITICAL - 2022-10-27 16:49:04 --> sqrt(): Argument #1 ($num) must be of type float, string given
in APPPATH\Views\detalle.php on line 111.
 1 APPPATH\Views\detalle.php(111): sqrt('%01')
 2 APPPATH\Views\detalle.php(117): correr('14-09-2001')
 3 SYSTEMPATH\View\View.php(213): include('APPPATH\\Views\\detalle.php')
 4 SYSTEMPATH\View\View.php(216): CodeIgniter\View\View->CodeIgniter\View\{closure}()
 5 SYSTEMPATH\Common.php(1142): CodeIgniter\View\View->render('detalle', [], true)
 6 APPPATH\Controllers\Pacientes.php(98): view('detalle', [...])
 7 SYSTEMPATH\CodeIgniter.php(902): App\Controllers\Pacientes->detalle('27')
 8 SYSTEMPATH\CodeIgniter.php(457): CodeIgniter\CodeIgniter->runController(Object(App\Controllers\Pacientes))
 9 SYSTEMPATH\CodeIgniter.php(340): CodeIgniter\CodeIgniter->handleRequest(null, Object(Config\Cache), false)
10 FCPATH\index.php(67): CodeIgniter\CodeIgniter->run()
CRITICAL - 2022-10-27 16:51:37 --> Undefined variable $float
in APPPATH\Views\detalle.php on line 112.
 1 APPPATH\Views\detalle.php(112): CodeIgniter\Debug\Exceptions->errorHandler(2, 'Undefined variable $float', 'APPPATH\\Views\\detalle.php', 112)
 2 APPPATH\Views\detalle.php(117): correr('22-05-1992')
 3 SYSTEMPATH\View\View.php(213): include('APPPATH\\Views\\detalle.php')
 4 SYSTEMPATH\View\View.php(216): CodeIgniter\View\View->CodeIgniter\View\{closure}()
 5 SYSTEMPATH\Common.php(1142): CodeIgniter\View\View->render('detalle', [], true)
 6 APPPATH\Controllers\Pacientes.php(98): view('detalle', [...])
 7 SYSTEMPATH\CodeIgniter.php(902): App\Controllers\Pacientes->detalle('28')
 8 SYSTEMPATH\CodeIgniter.php(457): CodeIgniter\CodeIgniter->runController(Object(App\Controllers\Pacientes))
 9 SYSTEMPATH\CodeIgniter.php(340): CodeIgniter\CodeIgniter->handleRequest(null, Object(Config\Cache), false)
10 FCPATH\index.php(67): CodeIgniter\CodeIgniter->run()
